[debug] [2020-11-25T14:48:07.349Z] ----------------------------------------------------------------------
[debug] [2020-11-25T14:48:07.354Z] Command:       C:\Program Files\nodejs\node.exe C:\Users\Sanoj Chathuranha\AppData\Roaming\npm\node_modules\firebase-tools\lib\bin\firebase.js emulators:start
[debug] [2020-11-25T14:48:07.355Z] CLI Version:   8.16.2
[debug] [2020-11-25T14:48:07.356Z] Platform:      win32
[debug] [2020-11-25T14:48:07.356Z] Node Version:  v12.18.3
[debug] [2020-11-25T14:48:07.360Z] Time:          Wed Nov 25 2020 20:18:07 GMT+0530 (India Standard Time)
[debug] [2020-11-25T14:48:07.360Z] ----------------------------------------------------------------------
[debug] [2020-11-25T14:48:07.360Z] 
[debug] [2020-11-25T14:48:07.402Z] > command requires scopes: ["email","openid","https://www.googleapis.com/auth/cloudplatformprojects.readonly","https://www.googleapis.com/auth/firebase","https://www.googleapis.com/auth/cloud-platform"]
[debug] [2020-11-25T14:48:07.404Z] > authorizing via signed-in user
[info] i  emulators: Starting emulators: functions, hosting {"metadata":{"emulator":{"name":"hub"},"message":"Starting emulators: functions, hosting"}}
[debug] [2020-11-25T14:48:09.454Z] [hub] writing locator at C:\Users\SANOJC~1\AppData\Local\Temp\hub-clone-7b120.json
[warn] !  functions: The following emulators are not running, calls to these services from the Functions emulator will affect production: auth, firestore, database, pubsub {"metadata":{"emulator":{"name":"functions"},"message":"The following emulators are not running, calls to these services from the Functions emulator will affect production: \u001b[1mauth, firestore, database, pubsub\u001b[22m"}}
[info] +  functions: Using node@12 from host. {"metadata":{"emulator":{"name":"functions"},"message":"Using node@12 from host."}}
[debug] [2020-11-25T14:48:11.533Z] defaultcredentials: writing to file C:\Users\Sanoj Chathuranha\AppData\Roaming\firebase\chathuranga_amarasiri91_gmail.com_application_default_credentials.json
[debug] [2020-11-25T14:48:11.540Z] Setting GAC to C:\Users\Sanoj Chathuranha\AppData\Roaming\firebase\chathuranga_amarasiri91_gmail.com_application_default_credentials.json {"metadata":{"emulator":{"name":"functions"},"message":"Setting GAC to C:\\Users\\Sanoj Chathuranha\\AppData\\Roaming\\firebase\\chathuranga_amarasiri91_gmail.com_application_default_credentials.json"}}
[debug] [2020-11-25T14:48:13.565Z] > refreshing access token with scopes: ["email","https://www.googleapis.com/auth/cloud-platform","https://www.googleapis.com/auth/cloudplatformprojects.readonly","https://www.googleapis.com/auth/firebase","openid"]
[debug] [2020-11-25T14:48:13.567Z] >>> HTTP REQUEST POST https://www.googleapis.com/oauth2/v3/token  
 <request body omitted>
[debug] [2020-11-25T14:48:14.367Z] <<< HTTP RESPONSE 200 {"expires":"Mon, 01 Jan 1990 00:00:00 GMT","date":"Wed, 25 Nov 2020 14:48:12 GMT","cache-control":"no-cache, no-store, max-age=0, must-revalidate","pragma":"no-cache","content-type":"application/json; charset=utf-8","vary":"X-Origin, Referer, Origin,Accept-Encoding","server":"scaffolding on HTTPServer2","x-xss-protection":"0","x-frame-options":"SAMEORIGIN","x-content-type-options":"nosniff","alt-svc":"h3-29=\":443\"; ma=2592000,h3-T051=\":443\"; ma=2592000,h3-Q050=\":443\"; ma=2592000,h3-Q046=\":443\"; ma=2592000,h3-Q043=\":443\"; ma=2592000,quic=\":443\"; ma=2592000; v=\"46,43\"","accept-ranges":"none","transfer-encoding":"chunked"}
[debug] [2020-11-25T14:48:14.418Z] >>> HTTP REQUEST GET https://firebase.googleapis.com/v1beta1/projects/clone-7b120/webApps/-/config  
 
[debug] [2020-11-25T14:48:16.050Z] <<< HTTP RESPONSE 200 {"content-type":"application/json; charset=UTF-8","vary":"X-Origin, Referer, Origin,Accept-Encoding","date":"Wed, 25 Nov 2020 14:48:14 GMT","server":"ESF","cache-control":"private","x-xss-protection":"0","x-frame-options":"SAMEORIGIN","x-content-type-options":"nosniff","alt-svc":"h3-29=\":443\"; ma=2592000,h3-T051=\":443\"; ma=2592000,h3-Q050=\":443\"; ma=2592000,h3-Q046=\":443\"; ma=2592000,h3-Q043=\":443\"; ma=2592000,quic=\":443\"; ma=2592000; v=\"46,43\"","accept-ranges":"none","transfer-encoding":"chunked"}
[info] i  hosting: Serving hosting files from: build {"metadata":{"emulator":{"name":"hosting"},"message":"Serving hosting files from: \u001b[1mbuild\u001b[22m"}}
[info] +  hosting: Local server: http://localhost:5000 {"metadata":{"emulator":{"name":"hosting"},"message":"Local server: \u001b[4m\u001b[1mhttp://localhost:5000\u001b[22m\u001b[24m"}}
[debug] [2020-11-25T14:48:20.653Z] Ignoring unsupported arg: auto_download {"metadata":{"emulator":{"name":"ui"},"message":"Ignoring unsupported arg: auto_download"}}
[debug] [2020-11-25T14:48:20.653Z] Ignoring unsupported arg: port {"metadata":{"emulator":{"name":"ui"},"message":"Ignoring unsupported arg: port"}}
[debug] [2020-11-25T14:48:20.654Z] Starting Emulator UI with command {"binary":"node","args":["C:\\Users\\Sanoj Chathuranha\\.cache\\firebase\\emulators\\ui-v1.2.2\\server.bundle.js"],"optionalArgs":[],"joinArgs":false} {"metadata":{"emulator":{"name":"ui"},"message":"Starting Emulator UI with command {\"binary\":\"node\",\"args\":[\"C:\\\\Users\\\\Sanoj Chathuranha\\\\.cache\\\\firebase\\\\emulators\\\\ui-v1.2.2\\\\server.bundle.js\"],\"optionalArgs\":[],\"joinArgs\":false}"}}
[info] i  ui: Emulator UI logging to ui-debug.log {"metadata":{"emulator":{"name":"ui"},"message":"Emulator UI logging to \u001b[1mui-debug.log\u001b[22m"}}
[debug] [2020-11-25T14:48:20.951Z] Web / API server started at http://localhost:4000
 {"metadata":{"emulator":{"name":"ui"},"message":"Web / API server started at http://localhost:4000\n"}}
[info] i  functions: Watching "D:\React Projects\Amazon\amazon-clone\functions" for Cloud Functions... {"metadata":{"emulator":{"name":"functions"},"message":"Watching \"D:\\React Projects\\Amazon\\amazon-clone\\functions\" for Cloud Functions..."}}
[debug] [2020-11-25T14:48:21.273Z] [worker-pool] addWorker(~diagnostic~) {"metadata":{"emulator":{"name":"functions"},"message":"[worker-pool] addWorker(~diagnostic~)"}}
[debug] [2020-11-25T14:48:21.273Z] [worker-pool] Adding worker with key ~diagnostic~, total=1 {"metadata":{"emulator":{"name":"functions"},"message":"[worker-pool] Adding worker with key ~diagnostic~, total=1"}}
[debug] [2020-11-25T14:48:21.274Z] [worker-pool] submitWork(triggerId=) {"metadata":{"emulator":{"name":"functions"},"message":"[worker-pool] submitWork(triggerId=)"}}
[debug] [2020-11-25T14:48:21.274Z] [worker-~diagnostic~-fd4422ef-e934-478b-a319-ec31b220b51b]: Assigning socketPath: \\?\pipe\D:\React Projects\Amazon\amazon-clone\functions\8856 {"metadata":{"emulator":{"name":"functions"},"message":"[worker-~diagnostic~-fd4422ef-e934-478b-a319-ec31b220b51b]: Assigning socketPath: \\\\?\\pipe\\D:\\React Projects\\Amazon\\amazon-clone\\functions\\8856"}}
[debug] [2020-11-25T14:48:21.275Z] [worker-~diagnostic~-fd4422ef-e934-478b-a319-ec31b220b51b]: BUSY {"metadata":{"emulator":{"name":"functions"},"message":"[worker-~diagnostic~-fd4422ef-e934-478b-a319-ec31b220b51b]: BUSY"}}
[debug] [2020-11-25T14:48:22.201Z] [runtime-status] [8856] Functions runtime initialized. {"cwd":"D:\\React Projects\\Amazon\\amazon-clone\\functions","node_version":"12.18.3"} {"metadata":{"emulator":{"name":"functions"},"message":"[runtime-status] [8856] Functions runtime initialized. {\"cwd\":\"D:\\\\React Projects\\\\Amazon\\\\amazon-clone\\\\functions\",\"node_version\":\"12.18.3\"}"}}
[debug] [2020-11-25T14:48:22.208Z] [runtime-status] [8856] Disabled runtime features: undefined {"metadata":{"emulator":{"name":"functions"},"message":"[runtime-status] [8856] Disabled runtime features: undefined"}}
[debug] [2020-11-25T14:48:22.218Z] [runtime-status] [8856] Resolved module firebase-admin {"declared":true,"installed":true,"version":"9.4.1","resolution":"D:\\React Projects\\Amazon\\amazon-clone\\functions\\node_modules\\firebase-admin\\lib\\index.js"} {"metadata":{"emulator":{"name":"functions"},"message":"[runtime-status] [8856] Resolved module firebase-admin {\"declared\":true,\"installed\":true,\"version\":\"9.4.1\",\"resolution\":\"D:\\\\React Projects\\\\Amazon\\\\amazon-clone\\\\functions\\\\node_modules\\\\firebase-admin\\\\lib\\\\index.js\"}"}}
[debug] [2020-11-25T14:48:22.222Z] [runtime-status] [8856] Resolved module firebase-functions {"declared":true,"installed":true,"version":"3.11.0","resolution":"D:\\React Projects\\Amazon\\amazon-clone\\functions\\node_modules\\firebase-functions\\lib\\index.js"} {"metadata":{"emulator":{"name":"functions"},"message":"[runtime-status] [8856] Resolved module firebase-functions {\"declared\":true,\"installed\":true,\"version\":\"3.11.0\",\"resolution\":\"D:\\\\React Projects\\\\Amazon\\\\amazon-clone\\\\functions\\\\node_modules\\\\firebase-functions\\\\lib\\\\index.js\"}"}}
[debug] [2020-11-25T14:48:22.225Z] [runtime-status] [8856] Resolved module firebase-functions {"declared":true,"installed":true,"version":"3.11.0","resolution":"D:\\React Projects\\Amazon\\amazon-clone\\functions\\node_modules\\firebase-functions\\lib\\index.js"} {"metadata":{"emulator":{"name":"functions"},"message":"[runtime-status] [8856] Resolved module firebase-functions {\"declared\":true,\"installed\":true,\"version\":\"3.11.0\",\"resolution\":\"D:\\\\React Projects\\\\Amazon\\\\amazon-clone\\\\functions\\\\node_modules\\\\firebase-functions\\\\lib\\\\index.js\"}"}}
[debug] [2020-11-25T14:48:22.229Z] [runtime-status] [8856] Outgoing network have been stubbed. [{"name":"http","status":"mocked"},{"name":"http","status":"mocked"},{"name":"https","status":"mocked"},{"name":"https","status":"mocked"},{"name":"net","status":"mocked"}] {"metadata":{"emulator":{"name":"functions"},"message":"[runtime-status] [8856] Outgoing network have been stubbed. [{\"name\":\"http\",\"status\":\"mocked\"},{\"name\":\"http\",\"status\":\"mocked\"},{\"name\":\"https\",\"status\":\"mocked\"},{\"name\":\"https\",\"status\":\"mocked\"},{\"name\":\"net\",\"status\":\"mocked\"}]"}}
[debug] [2020-11-25T14:48:22.230Z] [runtime-status] [8856] Resolved module firebase-functions {"declared":true,"installed":true,"version":"3.11.0","resolution":"D:\\React Projects\\Amazon\\amazon-clone\\functions\\node_modules\\firebase-functions\\lib\\index.js"} {"metadata":{"emulator":{"name":"functions"},"message":"[runtime-status] [8856] Resolved module firebase-functions {\"declared\":true,\"installed\":true,\"version\":\"3.11.0\",\"resolution\":\"D:\\\\React Projects\\\\Amazon\\\\amazon-clone\\\\functions\\\\node_modules\\\\firebase-functions\\\\lib\\\\index.js\"}"}}
[debug] [2020-11-25T14:48:22.334Z] [runtime-status] [8856] Checked functions.config() {"config":{}} {"metadata":{"emulator":{"name":"functions"},"message":"[runtime-status] [8856] Checked functions.config() {\"config\":{}}"}}
[debug] [2020-11-25T14:48:22.334Z] [runtime-status] [8856] firebase-functions has been stubbed. {"functionsResolution":{"declared":true,"installed":true,"version":"3.11.0","resolution":"D:\\React Projects\\Amazon\\amazon-clone\\functions\\node_modules\\firebase-functions\\lib\\index.js"}} {"metadata":{"emulator":{"name":"functions"},"message":"[runtime-status] [8856] firebase-functions has been stubbed. {\"functionsResolution\":{\"declared\":true,\"installed\":true,\"version\":\"3.11.0\",\"resolution\":\"D:\\\\React Projects\\\\Amazon\\\\amazon-clone\\\\functions\\\\node_modules\\\\firebase-functions\\\\lib\\\\index.js\"}}"}}
[debug] [2020-11-25T14:48:22.336Z] [runtime-status] [8856] Resolved module firebase-functions {"declared":true,"installed":true,"version":"3.11.0","resolution":"D:\\React Projects\\Amazon\\amazon-clone\\functions\\node_modules\\firebase-functions\\lib\\index.js"} {"metadata":{"emulator":{"name":"functions"},"message":"[runtime-status] [8856] Resolved module firebase-functions {\"declared\":true,\"installed\":true,\"version\":\"3.11.0\",\"resolution\":\"D:\\\\React Projects\\\\Amazon\\\\amazon-clone\\\\functions\\\\node_modules\\\\firebase-functions\\\\lib\\\\index.js\"}"}}
[debug] [2020-11-25T14:48:22.340Z] [runtime-status] [8856] Resolved module firebase-admin {"declared":true,"installed":true,"version":"9.4.1","resolution":"D:\\React Projects\\Amazon\\amazon-clone\\functions\\node_modules\\firebase-admin\\lib\\index.js"} {"metadata":{"emulator":{"name":"functions"},"message":"[runtime-status] [8856] Resolved module firebase-admin {\"declared\":true,\"installed\":true,\"version\":\"9.4.1\",\"resolution\":\"D:\\\\React Projects\\\\Amazon\\\\amazon-clone\\\\functions\\\\node_modules\\\\firebase-admin\\\\lib\\\\index.js\"}"}}
[debug] [2020-11-25T14:48:22.342Z] [runtime-status] [8856] Resolved module firebase-functions {"declared":true,"installed":true,"version":"3.11.0","resolution":"D:\\React Projects\\Amazon\\amazon-clone\\functions\\node_modules\\firebase-functions\\lib\\index.js"} {"metadata":{"emulator":{"name":"functions"},"message":"[runtime-status] [8856] Resolved module firebase-functions {\"declared\":true,\"installed\":true,\"version\":\"3.11.0\",\"resolution\":\"D:\\\\React Projects\\\\Amazon\\\\amazon-clone\\\\functions\\\\node_modules\\\\firebase-functions\\\\lib\\\\index.js\"}"}}
[debug] [2020-11-25T14:48:22.343Z] [runtime-status] [8856] firebase-admin has been stubbed. {"adminResolution":{"declared":true,"installed":true,"version":"9.4.1","resolution":"D:\\React Projects\\Amazon\\amazon-clone\\functions\\node_modules\\firebase-admin\\lib\\index.js"}} {"metadata":{"emulator":{"name":"functions"},"message":"[runtime-status] [8856] firebase-admin has been stubbed. {\"adminResolution\":{\"declared\":true,\"installed\":true,\"version\":\"9.4.1\",\"resolution\":\"D:\\\\React Projects\\\\Amazon\\\\amazon-clone\\\\functions\\\\node_modules\\\\firebase-admin\\\\lib\\\\index.js\"}}"}}
[info] +  functions[api]: http function initialized (http://localhost:5001/clone-7b120/us-central1/api). {"metadata":{"emulator":{"name":"functions"},"message":"\u001b[1mhttp\u001b[22m function initialized (http://localhost:5001/clone-7b120/us-central1/api)."}}
[info] 
┌────────────────────────────────────────────────────────────────┐
│ ✔  All emulators ready! View status and logs at localhost:4000 │
└────────────────────────────────────────────────────────────────┘

┌───────────┬────────────────┬──────────────────────────┐
│ Emulator  │ Host:Port      │ View in Emulator UI      │
├───────────┼────────────────┼──────────────────────────┤
│ Functions │ localhost:5001 │ localhost:4000/functions │
├───────────┼────────────────┼──────────────────────────┤
│ Hosting   │ localhost:5000 │ n/a                      │
└───────────┴────────────────┴──────────────────────────┘
  Other reserved ports: 4400, 4500

Issues? Report them at https://github.com/firebase/firebase-tools/issues and attach the *-debug.log files.
 
[debug] [2020-11-25T14:48:22.893Z] [worker-~diagnostic~-fd4422ef-e934-478b-a319-ec31b220b51b]: IDLE {"metadata":{"emulator":{"name":"functions"},"message":"[worker-~diagnostic~-fd4422ef-e934-478b-a319-ec31b220b51b]: IDLE"}}
[debug] [2020-11-25T14:51:00.699Z] [work-queue] {"queueLength":1,"workRunningCount":0}
[debug] [2020-11-25T14:51:00.700Z] [work-queue] {"queueLength":0,"workRunningCount":1}
[debug] [2020-11-25T14:51:00.702Z] Accepted request GET /clone-7b120/us-central1/api --> api
[debug] [2020-11-25T14:51:00.717Z] [worker-pool] addWorker(api) {"metadata":{"emulator":{"name":"functions"},"message":"[worker-pool] addWorker(api)"}}
[debug] [2020-11-25T14:51:00.717Z] [worker-pool] Adding worker with key api, total=1 {"metadata":{"emulator":{"name":"functions"},"message":"[worker-pool] Adding worker with key api, total=1"}}
[debug] [2020-11-25T14:51:00.717Z] [worker-pool] submitWork(triggerId=api) {"metadata":{"emulator":{"name":"functions"},"message":"[worker-pool] submitWork(triggerId=api)"}}
[debug] [2020-11-25T14:51:00.718Z] [worker-api-9913a9eb-22a7-44fd-ac4a-d0239dc97101]: Assigning socketPath: \\?\pipe\D:\React Projects\Amazon\amazon-clone\functions\2352 {"metadata":{"emulator":{"name":"functions"},"message":"[worker-api-9913a9eb-22a7-44fd-ac4a-d0239dc97101]: Assigning socketPath: \\\\?\\pipe\\D:\\React Projects\\Amazon\\amazon-clone\\functions\\2352"}}
[debug] [2020-11-25T14:51:00.718Z] [worker-api-9913a9eb-22a7-44fd-ac4a-d0239dc97101]: BUSY {"metadata":{"emulator":{"name":"functions"},"message":"[worker-api-9913a9eb-22a7-44fd-ac4a-d0239dc97101]: BUSY"}}
[debug] [2020-11-25T14:51:02.011Z] [runtime-status] [2352] Functions runtime initialized. {"cwd":"D:\\React Projects\\Amazon\\amazon-clone\\functions","node_version":"12.18.3"} {"metadata":{"emulator":{"name":"functions"},"function":{"name":"api"},"message":"[runtime-status] [2352] Functions runtime initialized. {\"cwd\":\"D:\\\\React Projects\\\\Amazon\\\\amazon-clone\\\\functions\",\"node_version\":\"12.18.3\"}"}}
[debug] [2020-11-25T14:51:02.020Z] [runtime-status] [2352] Disabled runtime features: undefined {"metadata":{"emulator":{"name":"functions"},"function":{"name":"api"},"message":"[runtime-status] [2352] Disabled runtime features: undefined"}}
[debug] [2020-11-25T14:51:02.026Z] [runtime-status] [2352] Resolved module firebase-admin {"declared":true,"installed":true,"version":"9.4.1","resolution":"D:\\React Projects\\Amazon\\amazon-clone\\functions\\node_modules\\firebase-admin\\lib\\index.js"} {"metadata":{"emulator":{"name":"functions"},"function":{"name":"api"},"message":"[runtime-status] [2352] Resolved module firebase-admin {\"declared\":true,\"installed\":true,\"version\":\"9.4.1\",\"resolution\":\"D:\\\\React Projects\\\\Amazon\\\\amazon-clone\\\\functions\\\\node_modules\\\\firebase-admin\\\\lib\\\\index.js\"}"}}
[debug] [2020-11-25T14:51:02.034Z] [runtime-status] [2352] Resolved module firebase-functions {"declared":true,"installed":true,"version":"3.11.0","resolution":"D:\\React Projects\\Amazon\\amazon-clone\\functions\\node_modules\\firebase-functions\\lib\\index.js"} {"metadata":{"emulator":{"name":"functions"},"function":{"name":"api"},"message":"[runtime-status] [2352] Resolved module firebase-functions {\"declared\":true,\"installed\":true,\"version\":\"3.11.0\",\"resolution\":\"D:\\\\React Projects\\\\Amazon\\\\amazon-clone\\\\functions\\\\node_modules\\\\firebase-functions\\\\lib\\\\index.js\"}"}}
[debug] [2020-11-25T14:51:02.038Z] [runtime-status] [2352] Resolved module firebase-functions {"declared":true,"installed":true,"version":"3.11.0","resolution":"D:\\React Projects\\Amazon\\amazon-clone\\functions\\node_modules\\firebase-functions\\lib\\index.js"} {"metadata":{"emulator":{"name":"functions"},"function":{"name":"api"},"message":"[runtime-status] [2352] Resolved module firebase-functions {\"declared\":true,\"installed\":true,\"version\":\"3.11.0\",\"resolution\":\"D:\\\\React Projects\\\\Amazon\\\\amazon-clone\\\\functions\\\\node_modules\\\\firebase-functions\\\\lib\\\\index.js\"}"}}
[debug] [2020-11-25T14:51:02.044Z] [runtime-status] [2352] Outgoing network have been stubbed. [{"name":"http","status":"mocked"},{"name":"http","status":"mocked"},{"name":"https","status":"mocked"},{"name":"https","status":"mocked"},{"name":"net","status":"mocked"}] {"metadata":{"emulator":{"name":"functions"},"function":{"name":"api"},"message":"[runtime-status] [2352] Outgoing network have been stubbed. [{\"name\":\"http\",\"status\":\"mocked\"},{\"name\":\"http\",\"status\":\"mocked\"},{\"name\":\"https\",\"status\":\"mocked\"},{\"name\":\"https\",\"status\":\"mocked\"},{\"name\":\"net\",\"status\":\"mocked\"}]"}}
[debug] [2020-11-25T14:51:02.048Z] [runtime-status] [2352] Resolved module firebase-functions {"declared":true,"installed":true,"version":"3.11.0","resolution":"D:\\React Projects\\Amazon\\amazon-clone\\functions\\node_modules\\firebase-functions\\lib\\index.js"} {"metadata":{"emulator":{"name":"functions"},"function":{"name":"api"},"message":"[runtime-status] [2352] Resolved module firebase-functions {\"declared\":true,\"installed\":true,\"version\":\"3.11.0\",\"resolution\":\"D:\\\\React Projects\\\\Amazon\\\\amazon-clone\\\\functions\\\\node_modules\\\\firebase-functions\\\\lib\\\\index.js\"}"}}
[debug] [2020-11-25T14:51:02.183Z] [runtime-status] [2352] Checked functions.config() {"config":{}} {"metadata":{"emulator":{"name":"functions"},"function":{"name":"api"},"message":"[runtime-status] [2352] Checked functions.config() {\"config\":{}}"}}
[debug] [2020-11-25T14:51:02.183Z] [runtime-status] [2352] firebase-functions has been stubbed. {"functionsResolution":{"declared":true,"installed":true,"version":"3.11.0","resolution":"D:\\React Projects\\Amazon\\amazon-clone\\functions\\node_modules\\firebase-functions\\lib\\index.js"}} {"metadata":{"emulator":{"name":"functions"},"function":{"name":"api"},"message":"[runtime-status] [2352] firebase-functions has been stubbed. {\"functionsResolution\":{\"declared\":true,\"installed\":true,\"version\":\"3.11.0\",\"resolution\":\"D:\\\\React Projects\\\\Amazon\\\\amazon-clone\\\\functions\\\\node_modules\\\\firebase-functions\\\\lib\\\\index.js\"}}"}}
[debug] [2020-11-25T14:51:02.185Z] [runtime-status] [2352] Resolved module firebase-functions {"declared":true,"installed":true,"version":"3.11.0","resolution":"D:\\React Projects\\Amazon\\amazon-clone\\functions\\node_modules\\firebase-functions\\lib\\index.js"} {"metadata":{"emulator":{"name":"functions"},"function":{"name":"api"},"message":"[runtime-status] [2352] Resolved module firebase-functions {\"declared\":true,\"installed\":true,\"version\":\"3.11.0\",\"resolution\":\"D:\\\\React Projects\\\\Amazon\\\\amazon-clone\\\\functions\\\\node_modules\\\\firebase-functions\\\\lib\\\\index.js\"}"}}
[debug] [2020-11-25T14:51:02.189Z] [runtime-status] [2352] Resolved module firebase-admin {"declared":true,"installed":true,"version":"9.4.1","resolution":"D:\\React Projects\\Amazon\\amazon-clone\\functions\\node_modules\\firebase-admin\\lib\\index.js"} {"metadata":{"emulator":{"name":"functions"},"function":{"name":"api"},"message":"[runtime-status] [2352] Resolved module firebase-admin {\"declared\":true,\"installed\":true,\"version\":\"9.4.1\",\"resolution\":\"D:\\\\React Projects\\\\Amazon\\\\amazon-clone\\\\functions\\\\node_modules\\\\firebase-admin\\\\lib\\\\index.js\"}"}}
[debug] [2020-11-25T14:51:02.190Z] [runtime-status] [2352] Resolved module firebase-functions {"declared":true,"installed":true,"version":"3.11.0","resolution":"D:\\React Projects\\Amazon\\amazon-clone\\functions\\node_modules\\firebase-functions\\lib\\index.js"} {"metadata":{"emulator":{"name":"functions"},"function":{"name":"api"},"message":"[runtime-status] [2352] Resolved module firebase-functions {\"declared\":true,\"installed\":true,\"version\":\"3.11.0\",\"resolution\":\"D:\\\\React Projects\\\\Amazon\\\\amazon-clone\\\\functions\\\\node_modules\\\\firebase-functions\\\\lib\\\\index.js\"}"}}
[debug] [2020-11-25T14:51:02.191Z] [runtime-status] [2352] firebase-admin has been stubbed. {"adminResolution":{"declared":true,"installed":true,"version":"9.4.1","resolution":"D:\\React Projects\\Amazon\\amazon-clone\\functions\\node_modules\\firebase-admin\\lib\\index.js"}} {"metadata":{"emulator":{"name":"functions"},"function":{"name":"api"},"message":"[runtime-status] [2352] firebase-admin has been stubbed. {\"adminResolution\":{\"declared\":true,\"installed\":true,\"version\":\"9.4.1\",\"resolution\":\"D:\\\\React Projects\\\\Amazon\\\\amazon-clone\\\\functions\\\\node_modules\\\\firebase-admin\\\\lib\\\\index.js\"}}"}}
[debug] [2020-11-25T14:51:02.821Z] [runtime-status] [2352] Trigger "api" has been found, beginning invocation! {"metadata":{"emulator":{"name":"functions"},"function":{"name":"api"},"message":"[runtime-status] [2352] Trigger \"api\" has been found, beginning invocation!"}}
[info] i  functions: Beginning execution of "api" {"metadata":{"emulator":{"name":"functions"},"function":{"name":"api"},"message":"Beginning execution of \"api\""}}
[debug] [2020-11-25T14:51:02.824Z] [runtime-status] [2352] triggerDefinition {"httpsTrigger":{},"name":"api","entryPoint":"api"} {"metadata":{"emulator":{"name":"functions"},"function":{"name":"api"},"message":"[runtime-status] [2352] triggerDefinition {\"httpsTrigger\":{},\"name\":\"api\",\"entryPoint\":\"api\"}"}}
[debug] [2020-11-25T14:51:02.824Z] [runtime-status] [2352] Running api in mode HTTPS {"metadata":{"emulator":{"name":"functions"},"function":{"name":"api"},"message":"[runtime-status] [2352] Running api in mode HTTPS"}}
[debug] [2020-11-25T14:51:02.834Z] [runtime-status] [2352] Attempting to listen to socketPath: \\?\pipe\D:\React Projects\Amazon\amazon-clone\functions\2352 {"metadata":{"emulator":{"name":"functions"},"function":{"name":"api"},"message":"[runtime-status] [2352] Attempting to listen to socketPath: \\\\?\\pipe\\D:\\React Projects\\Amazon\\amazon-clone\\functions\\2352"}}
[debug] [2020-11-25T14:51:02.842Z] [functions] Runtime ready! Sending request! {"metadata":{"emulator":{"name":"functions"},"message":"[functions] Runtime ready! Sending request!"}}
[debug] [2020-11-25T14:51:02.861Z] [runtime-status] [2352] Ephemeral server handling GET request {"metadata":{"emulator":{"name":"functions"},"function":{"name":"api"},"message":"[runtime-status] [2352] Ephemeral server handling GET request"}}
[debug] [2020-11-25T14:51:02.879Z] [runtime-status] [2352] Ephemeral server survived. {"metadata":{"emulator":{"name":"functions"},"function":{"name":"api"},"message":"[runtime-status] [2352] Ephemeral server survived."}}
[info] i  functions: Finished "api" in ~1s {"metadata":{"emulator":{"name":"functions"},"function":{"name":"api"},"message":"Finished \"api\" in ~1s"}}
[debug] [2020-11-25T14:51:02.890Z] [worker-api-9913a9eb-22a7-44fd-ac4a-d0239dc97101]: IDLE {"metadata":{"emulator":{"name":"functions"},"message":"[worker-api-9913a9eb-22a7-44fd-ac4a-d0239dc97101]: IDLE"}}
[debug] [2020-11-25T14:51:02.891Z] [work-queue] {"queueLength":0,"workRunningCount":0}
[debug] [2020-11-25T14:51:02.984Z] Functions emulator received unknown request at path /favicon.ico
[debug] [2020-11-25T14:53:52.876Z] File D:\React Projects\Amazon\amazon-clone\functions\index.js changed, reloading triggers {"metadata":{"emulator":{"name":"functions"},"message":"File D:\\React Projects\\Amazon\\amazon-clone\\functions\\index.js changed, reloading triggers"}}
[debug] [2020-11-25T14:53:53.878Z] [worker-pool] Shutting down IDLE worker (~diagnostic~) {"metadata":{"emulator":{"name":"functions"},"message":"[worker-pool] Shutting down IDLE worker (~diagnostic~)"}}
[debug] [2020-11-25T14:53:53.879Z] [worker-~diagnostic~-fd4422ef-e934-478b-a319-ec31b220b51b]: FINISHING {"metadata":{"emulator":{"name":"functions"},"message":"[worker-~diagnostic~-fd4422ef-e934-478b-a319-ec31b220b51b]: FINISHING"}}
[debug] [2020-11-25T14:53:53.880Z] [worker-pool] Shutting down IDLE worker (api) {"metadata":{"emulator":{"name":"functions"},"message":"[worker-pool] Shutting down IDLE worker (api)"}}
[debug] [2020-11-25T14:53:53.880Z] [worker-api-9913a9eb-22a7-44fd-ac4a-d0239dc97101]: FINISHING {"metadata":{"emulator":{"name":"functions"},"message":"[worker-api-9913a9eb-22a7-44fd-ac4a-d0239dc97101]: FINISHING"}}
[debug] [2020-11-25T14:53:53.890Z] [worker-pool] addWorker(~diagnostic~) {"metadata":{"emulator":{"name":"functions"},"message":"[worker-pool] addWorker(~diagnostic~)"}}
[debug] [2020-11-25T14:53:53.891Z] [worker-pool] Adding worker with key ~diagnostic~, total=2 {"metadata":{"emulator":{"name":"functions"},"message":"[worker-pool] Adding worker with key ~diagnostic~, total=2"}}
[debug] [2020-11-25T14:53:53.891Z] [worker-pool] submitWork(triggerId=) {"metadata":{"emulator":{"name":"functions"},"message":"[worker-pool] submitWork(triggerId=)"}}
[debug] [2020-11-25T14:53:53.891Z] [worker-~diagnostic~-c81785db-6c38-448b-9d8e-b69b3e72178c]: Assigning socketPath: \\?\pipe\D:\React Projects\Amazon\amazon-clone\functions\12348 {"metadata":{"emulator":{"name":"functions"},"message":"[worker-~diagnostic~-c81785db-6c38-448b-9d8e-b69b3e72178c]: Assigning socketPath: \\\\?\\pipe\\D:\\React Projects\\Amazon\\amazon-clone\\functions\\12348"}}
[debug] [2020-11-25T14:53:53.892Z] [worker-~diagnostic~-c81785db-6c38-448b-9d8e-b69b3e72178c]: BUSY {"metadata":{"emulator":{"name":"functions"},"message":"[worker-~diagnostic~-c81785db-6c38-448b-9d8e-b69b3e72178c]: BUSY"}}
[debug] [2020-11-25T14:53:53.896Z] [worker-~diagnostic~-fd4422ef-e934-478b-a319-ec31b220b51b]: exited {"metadata":{"emulator":{"name":"functions"},"message":"[worker-~diagnostic~-fd4422ef-e934-478b-a319-ec31b220b51b]: exited"}}
[debug] [2020-11-25T14:53:53.896Z] [worker-~diagnostic~-fd4422ef-e934-478b-a319-ec31b220b51b]: FINISHED {"metadata":{"emulator":{"name":"functions"},"message":"[worker-~diagnostic~-fd4422ef-e934-478b-a319-ec31b220b51b]: FINISHED"}}
[debug] [2020-11-25T14:53:53.897Z] [worker-api-9913a9eb-22a7-44fd-ac4a-d0239dc97101]: exited {"metadata":{"emulator":{"name":"functions"},"message":"[worker-api-9913a9eb-22a7-44fd-ac4a-d0239dc97101]: exited"}}
[debug] [2020-11-25T14:53:53.897Z] [worker-api-9913a9eb-22a7-44fd-ac4a-d0239dc97101]: FINISHED {"metadata":{"emulator":{"name":"functions"},"message":"[worker-api-9913a9eb-22a7-44fd-ac4a-d0239dc97101]: FINISHED"}}
[debug] [2020-11-25T14:53:55.114Z] [runtime-status] [12348] Functions runtime initialized. {"cwd":"D:\\React Projects\\Amazon\\amazon-clone\\functions","node_version":"12.18.3"} {"metadata":{"emulator":{"name":"functions"},"message":"[runtime-status] [12348] Functions runtime initialized. {\"cwd\":\"D:\\\\React Projects\\\\Amazon\\\\amazon-clone\\\\functions\",\"node_version\":\"12.18.3\"}"}}
[debug] [2020-11-25T14:53:55.125Z] [runtime-status] [12348] Disabled runtime features: undefined {"metadata":{"emulator":{"name":"functions"},"message":"[runtime-status] [12348] Disabled runtime features: undefined"}}
[debug] [2020-11-25T14:53:55.140Z] [runtime-status] [12348] Resolved module firebase-admin {"declared":true,"installed":true,"version":"9.4.1","resolution":"D:\\React Projects\\Amazon\\amazon-clone\\functions\\node_modules\\firebase-admin\\lib\\index.js"} {"metadata":{"emulator":{"name":"functions"},"message":"[runtime-status] [12348] Resolved module firebase-admin {\"declared\":true,\"installed\":true,\"version\":\"9.4.1\",\"resolution\":\"D:\\\\React Projects\\\\Amazon\\\\amazon-clone\\\\functions\\\\node_modules\\\\firebase-admin\\\\lib\\\\index.js\"}"}}
[debug] [2020-11-25T14:53:55.145Z] [runtime-status] [12348] Resolved module firebase-functions {"declared":true,"installed":true,"version":"3.11.0","resolution":"D:\\React Projects\\Amazon\\amazon-clone\\functions\\node_modules\\firebase-functions\\lib\\index.js"} {"metadata":{"emulator":{"name":"functions"},"message":"[runtime-status] [12348] Resolved module firebase-functions {\"declared\":true,\"installed\":true,\"version\":\"3.11.0\",\"resolution\":\"D:\\\\React Projects\\\\Amazon\\\\amazon-clone\\\\functions\\\\node_modules\\\\firebase-functions\\\\lib\\\\index.js\"}"}}
[debug] [2020-11-25T14:53:55.147Z] [runtime-status] [12348] Resolved module firebase-functions {"declared":true,"installed":true,"version":"3.11.0","resolution":"D:\\React Projects\\Amazon\\amazon-clone\\functions\\node_modules\\firebase-functions\\lib\\index.js"} {"metadata":{"emulator":{"name":"functions"},"message":"[runtime-status] [12348] Resolved module firebase-functions {\"declared\":true,\"installed\":true,\"version\":\"3.11.0\",\"resolution\":\"D:\\\\React Projects\\\\Amazon\\\\amazon-clone\\\\functions\\\\node_modules\\\\firebase-functions\\\\lib\\\\index.js\"}"}}
[debug] [2020-11-25T14:53:55.150Z] [runtime-status] [12348] Outgoing network have been stubbed. [{"name":"http","status":"mocked"},{"name":"http","status":"mocked"},{"name":"https","status":"mocked"},{"name":"https","status":"mocked"},{"name":"net","status":"mocked"}] {"metadata":{"emulator":{"name":"functions"},"message":"[runtime-status] [12348] Outgoing network have been stubbed. [{\"name\":\"http\",\"status\":\"mocked\"},{\"name\":\"http\",\"status\":\"mocked\"},{\"name\":\"https\",\"status\":\"mocked\"},{\"name\":\"https\",\"status\":\"mocked\"},{\"name\":\"net\",\"status\":\"mocked\"}]"}}
[debug] [2020-11-25T14:53:55.151Z] [runtime-status] [12348] Resolved module firebase-functions {"declared":true,"installed":true,"version":"3.11.0","resolution":"D:\\React Projects\\Amazon\\amazon-clone\\functions\\node_modules\\firebase-functions\\lib\\index.js"} {"metadata":{"emulator":{"name":"functions"},"message":"[runtime-status] [12348] Resolved module firebase-functions {\"declared\":true,\"installed\":true,\"version\":\"3.11.0\",\"resolution\":\"D:\\\\React Projects\\\\Amazon\\\\amazon-clone\\\\functions\\\\node_modules\\\\firebase-functions\\\\lib\\\\index.js\"}"}}
[debug] [2020-11-25T14:53:55.292Z] [runtime-status] [12348] Checked functions.config() {"config":{}} {"metadata":{"emulator":{"name":"functions"},"message":"[runtime-status] [12348] Checked functions.config() {\"config\":{}}"}}
[debug] [2020-11-25T14:53:55.293Z] [runtime-status] [12348] firebase-functions has been stubbed. {"functionsResolution":{"declared":true,"installed":true,"version":"3.11.0","resolution":"D:\\React Projects\\Amazon\\amazon-clone\\functions\\node_modules\\firebase-functions\\lib\\index.js"}} {"metadata":{"emulator":{"name":"functions"},"message":"[runtime-status] [12348] firebase-functions has been stubbed. {\"functionsResolution\":{\"declared\":true,\"installed\":true,\"version\":\"3.11.0\",\"resolution\":\"D:\\\\React Projects\\\\Amazon\\\\amazon-clone\\\\functions\\\\node_modules\\\\firebase-functions\\\\lib\\\\index.js\"}}"}}
[debug] [2020-11-25T14:53:55.295Z] [runtime-status] [12348] Resolved module firebase-functions {"declared":true,"installed":true,"version":"3.11.0","resolution":"D:\\React Projects\\Amazon\\amazon-clone\\functions\\node_modules\\firebase-functions\\lib\\index.js"} {"metadata":{"emulator":{"name":"functions"},"message":"[runtime-status] [12348] Resolved module firebase-functions {\"declared\":true,\"installed\":true,\"version\":\"3.11.0\",\"resolution\":\"D:\\\\React Projects\\\\Amazon\\\\amazon-clone\\\\functions\\\\node_modules\\\\firebase-functions\\\\lib\\\\index.js\"}"}}
[debug] [2020-11-25T14:53:55.299Z] [runtime-status] [12348] Resolved module firebase-admin {"declared":true,"installed":true,"version":"9.4.1","resolution":"D:\\React Projects\\Amazon\\amazon-clone\\functions\\node_modules\\firebase-admin\\lib\\index.js"} {"metadata":{"emulator":{"name":"functions"},"message":"[runtime-status] [12348] Resolved module firebase-admin {\"declared\":true,\"installed\":true,\"version\":\"9.4.1\",\"resolution\":\"D:\\\\React Projects\\\\Amazon\\\\amazon-clone\\\\functions\\\\node_modules\\\\firebase-admin\\\\lib\\\\index.js\"}"}}
[debug] [2020-11-25T14:53:55.301Z] [runtime-status] [12348] Resolved module firebase-functions {"declared":true,"installed":true,"version":"3.11.0","resolution":"D:\\React Projects\\Amazon\\amazon-clone\\functions\\node_modules\\firebase-functions\\lib\\index.js"} {"metadata":{"emulator":{"name":"functions"},"message":"[runtime-status] [12348] Resolved module firebase-functions {\"declared\":true,\"installed\":true,\"version\":\"3.11.0\",\"resolution\":\"D:\\\\React Projects\\\\Amazon\\\\amazon-clone\\\\functions\\\\node_modules\\\\firebase-functions\\\\lib\\\\index.js\"}"}}
[debug] [2020-11-25T14:53:55.302Z] [runtime-status] [12348] firebase-admin has been stubbed. {"adminResolution":{"declared":true,"installed":true,"version":"9.4.1","resolution":"D:\\React Projects\\Amazon\\amazon-clone\\functions\\node_modules\\firebase-admin\\lib\\index.js"}} {"metadata":{"emulator":{"name":"functions"},"message":"[runtime-status] [12348] firebase-admin has been stubbed. {\"adminResolution\":{\"declared\":true,\"installed\":true,\"version\":\"9.4.1\",\"resolution\":\"D:\\\\React Projects\\\\Amazon\\\\amazon-clone\\\\functions\\\\node_modules\\\\firebase-admin\\\\lib\\\\index.js\"}}"}}
[debug] [2020-11-25T14:53:55.716Z] [worker-~diagnostic~-c81785db-6c38-448b-9d8e-b69b3e72178c]: IDLE {"metadata":{"emulator":{"name":"functions"},"message":"[worker-~diagnostic~-c81785db-6c38-448b-9d8e-b69b3e72178c]: IDLE"}}
[debug] [2020-11-25T14:55:56.223Z] File D:\React Projects\Amazon\amazon-clone\functions\index.js changed, reloading triggers {"metadata":{"emulator":{"name":"functions"},"message":"File D:\\React Projects\\Amazon\\amazon-clone\\functions\\index.js changed, reloading triggers"}}
[debug] [2020-11-25T14:55:57.225Z] [worker-pool] Shutting down IDLE worker (~diagnostic~) {"metadata":{"emulator":{"name":"functions"},"message":"[worker-pool] Shutting down IDLE worker (~diagnostic~)"}}
[debug] [2020-11-25T14:55:57.226Z] [worker-~diagnostic~-c81785db-6c38-448b-9d8e-b69b3e72178c]: FINISHING {"metadata":{"emulator":{"name":"functions"},"message":"[worker-~diagnostic~-c81785db-6c38-448b-9d8e-b69b3e72178c]: FINISHING"}}
[debug] [2020-11-25T14:55:57.227Z] [worker-pool] Cleaned up workers for ~diagnostic~: 2 --> 1 {"metadata":{"emulator":{"name":"functions"},"message":"[worker-pool] Cleaned up workers for ~diagnostic~: 2 --> 1"}}
[debug] [2020-11-25T14:55:57.227Z] [worker-pool] Cleaned up workers for api: 1 --> 0 {"metadata":{"emulator":{"name":"functions"},"message":"[worker-pool] Cleaned up workers for api: 1 --> 0"}}
[debug] [2020-11-25T14:55:57.240Z] [worker-pool] addWorker(~diagnostic~) {"metadata":{"emulator":{"name":"functions"},"message":"[worker-pool] addWorker(~diagnostic~)"}}
[debug] [2020-11-25T14:55:57.241Z] [worker-pool] Adding worker with key ~diagnostic~, total=2 {"metadata":{"emulator":{"name":"functions"},"message":"[worker-pool] Adding worker with key ~diagnostic~, total=2"}}
[debug] [2020-11-25T14:55:57.241Z] [worker-pool] submitWork(triggerId=) {"metadata":{"emulator":{"name":"functions"},"message":"[worker-pool] submitWork(triggerId=)"}}
[debug] [2020-11-25T14:55:57.242Z] [worker-~diagnostic~-25b49cfe-5ad8-4a19-985a-efc237faf9b4]: Assigning socketPath: \\?\pipe\D:\React Projects\Amazon\amazon-clone\functions\7492 {"metadata":{"emulator":{"name":"functions"},"message":"[worker-~diagnostic~-25b49cfe-5ad8-4a19-985a-efc237faf9b4]: Assigning socketPath: \\\\?\\pipe\\D:\\React Projects\\Amazon\\amazon-clone\\functions\\7492"}}
[debug] [2020-11-25T14:55:57.242Z] [worker-~diagnostic~-25b49cfe-5ad8-4a19-985a-efc237faf9b4]: BUSY {"metadata":{"emulator":{"name":"functions"},"message":"[worker-~diagnostic~-25b49cfe-5ad8-4a19-985a-efc237faf9b4]: BUSY"}}
[debug] [2020-11-25T14:55:57.244Z] [worker-~diagnostic~-c81785db-6c38-448b-9d8e-b69b3e72178c]: exited {"metadata":{"emulator":{"name":"functions"},"message":"[worker-~diagnostic~-c81785db-6c38-448b-9d8e-b69b3e72178c]: exited"}}
[debug] [2020-11-25T14:55:57.244Z] [worker-~diagnostic~-c81785db-6c38-448b-9d8e-b69b3e72178c]: FINISHED {"metadata":{"emulator":{"name":"functions"},"message":"[worker-~diagnostic~-c81785db-6c38-448b-9d8e-b69b3e72178c]: FINISHED"}}
[debug] [2020-11-25T14:55:58.311Z] [runtime-status] [7492] Functions runtime initialized. {"cwd":"D:\\React Projects\\Amazon\\amazon-clone\\functions","node_version":"12.18.3"} {"metadata":{"emulator":{"name":"functions"},"message":"[runtime-status] [7492] Functions runtime initialized. {\"cwd\":\"D:\\\\React Projects\\\\Amazon\\\\amazon-clone\\\\functions\",\"node_version\":\"12.18.3\"}"}}
[debug] [2020-11-25T14:55:58.321Z] [runtime-status] [7492] Disabled runtime features: undefined {"metadata":{"emulator":{"name":"functions"},"message":"[runtime-status] [7492] Disabled runtime features: undefined"}}
[debug] [2020-11-25T14:55:58.332Z] [runtime-status] [7492] Resolved module firebase-admin {"declared":true,"installed":true,"version":"9.4.1","resolution":"D:\\React Projects\\Amazon\\amazon-clone\\functions\\node_modules\\firebase-admin\\lib\\index.js"} {"metadata":{"emulator":{"name":"functions"},"message":"[runtime-status] [7492] Resolved module firebase-admin {\"declared\":true,\"installed\":true,\"version\":\"9.4.1\",\"resolution\":\"D:\\\\React Projects\\\\Amazon\\\\amazon-clone\\\\functions\\\\node_modules\\\\firebase-admin\\\\lib\\\\index.js\"}"}}
[debug] [2020-11-25T14:55:58.335Z] [runtime-status] [7492] Resolved module firebase-functions {"declared":true,"installed":true,"version":"3.11.0","resolution":"D:\\React Projects\\Amazon\\amazon-clone\\functions\\node_modules\\firebase-functions\\lib\\index.js"} {"metadata":{"emulator":{"name":"functions"},"message":"[runtime-status] [7492] Resolved module firebase-functions {\"declared\":true,\"installed\":true,\"version\":\"3.11.0\",\"resolution\":\"D:\\\\React Projects\\\\Amazon\\\\amazon-clone\\\\functions\\\\node_modules\\\\firebase-functions\\\\lib\\\\index.js\"}"}}
[debug] [2020-11-25T14:55:58.337Z] [runtime-status] [7492] Resolved module firebase-functions {"declared":true,"installed":true,"version":"3.11.0","resolution":"D:\\React Projects\\Amazon\\amazon-clone\\functions\\node_modules\\firebase-functions\\lib\\index.js"} {"metadata":{"emulator":{"name":"functions"},"message":"[runtime-status] [7492] Resolved module firebase-functions {\"declared\":true,\"installed\":true,\"version\":\"3.11.0\",\"resolution\":\"D:\\\\React Projects\\\\Amazon\\\\amazon-clone\\\\functions\\\\node_modules\\\\firebase-functions\\\\lib\\\\index.js\"}"}}
[debug] [2020-11-25T14:55:58.340Z] [runtime-status] [7492] Outgoing network have been stubbed. [{"name":"http","status":"mocked"},{"name":"http","status":"mocked"},{"name":"https","status":"mocked"},{"name":"https","status":"mocked"},{"name":"net","status":"mocked"}] {"metadata":{"emulator":{"name":"functions"},"message":"[runtime-status] [7492] Outgoing network have been stubbed. [{\"name\":\"http\",\"status\":\"mocked\"},{\"name\":\"http\",\"status\":\"mocked\"},{\"name\":\"https\",\"status\":\"mocked\"},{\"name\":\"https\",\"status\":\"mocked\"},{\"name\":\"net\",\"status\":\"mocked\"}]"}}
[debug] [2020-11-25T14:55:58.342Z] [runtime-status] [7492] Resolved module firebase-functions {"declared":true,"installed":true,"version":"3.11.0","resolution":"D:\\React Projects\\Amazon\\amazon-clone\\functions\\node_modules\\firebase-functions\\lib\\index.js"} {"metadata":{"emulator":{"name":"functions"},"message":"[runtime-status] [7492] Resolved module firebase-functions {\"declared\":true,\"installed\":true,\"version\":\"3.11.0\",\"resolution\":\"D:\\\\React Projects\\\\Amazon\\\\amazon-clone\\\\functions\\\\node_modules\\\\firebase-functions\\\\lib\\\\index.js\"}"}}
[debug] [2020-11-25T14:55:58.453Z] [runtime-status] [7492] Checked functions.config() {"config":{}} {"metadata":{"emulator":{"name":"functions"},"message":"[runtime-status] [7492] Checked functions.config() {\"config\":{}}"}}
[debug] [2020-11-25T14:55:58.454Z] [runtime-status] [7492] firebase-functions has been stubbed. {"functionsResolution":{"declared":true,"installed":true,"version":"3.11.0","resolution":"D:\\React Projects\\Amazon\\amazon-clone\\functions\\node_modules\\firebase-functions\\lib\\index.js"}} {"metadata":{"emulator":{"name":"functions"},"message":"[runtime-status] [7492] firebase-functions has been stubbed. {\"functionsResolution\":{\"declared\":true,\"installed\":true,\"version\":\"3.11.0\",\"resolution\":\"D:\\\\React Projects\\\\Amazon\\\\amazon-clone\\\\functions\\\\node_modules\\\\firebase-functions\\\\lib\\\\index.js\"}}"}}
[debug] [2020-11-25T14:55:58.455Z] [runtime-status] [7492] Resolved module firebase-functions {"declared":true,"installed":true,"version":"3.11.0","resolution":"D:\\React Projects\\Amazon\\amazon-clone\\functions\\node_modules\\firebase-functions\\lib\\index.js"} {"metadata":{"emulator":{"name":"functions"},"message":"[runtime-status] [7492] Resolved module firebase-functions {\"declared\":true,\"installed\":true,\"version\":\"3.11.0\",\"resolution\":\"D:\\\\React Projects\\\\Amazon\\\\amazon-clone\\\\functions\\\\node_modules\\\\firebase-functions\\\\lib\\\\index.js\"}"}}
[debug] [2020-11-25T14:55:58.458Z] [runtime-status] [7492] Resolved module firebase-admin {"declared":true,"installed":true,"version":"9.4.1","resolution":"D:\\React Projects\\Amazon\\amazon-clone\\functions\\node_modules\\firebase-admin\\lib\\index.js"} {"metadata":{"emulator":{"name":"functions"},"message":"[runtime-status] [7492] Resolved module firebase-admin {\"declared\":true,\"installed\":true,\"version\":\"9.4.1\",\"resolution\":\"D:\\\\React Projects\\\\Amazon\\\\amazon-clone\\\\functions\\\\node_modules\\\\firebase-admin\\\\lib\\\\index.js\"}"}}
[debug] [2020-11-25T14:55:58.460Z] [runtime-status] [7492] Resolved module firebase-functions {"declared":true,"installed":true,"version":"3.11.0","resolution":"D:\\React Projects\\Amazon\\amazon-clone\\functions\\node_modules\\firebase-functions\\lib\\index.js"} {"metadata":{"emulator":{"name":"functions"},"message":"[runtime-status] [7492] Resolved module firebase-functions {\"declared\":true,\"installed\":true,\"version\":\"3.11.0\",\"resolution\":\"D:\\\\React Projects\\\\Amazon\\\\amazon-clone\\\\functions\\\\node_modules\\\\firebase-functions\\\\lib\\\\index.js\"}"}}
[debug] [2020-11-25T14:55:58.461Z] [runtime-status] [7492] firebase-admin has been stubbed. {"adminResolution":{"declared":true,"installed":true,"version":"9.4.1","resolution":"D:\\React Projects\\Amazon\\amazon-clone\\functions\\node_modules\\firebase-admin\\lib\\index.js"}} {"metadata":{"emulator":{"name":"functions"},"message":"[runtime-status] [7492] firebase-admin has been stubbed. {\"adminResolution\":{\"declared\":true,\"installed\":true,\"version\":\"9.4.1\",\"resolution\":\"D:\\\\React Projects\\\\Amazon\\\\amazon-clone\\\\functions\\\\node_modules\\\\firebase-admin\\\\lib\\\\index.js\"}}"}}
[debug] [2020-11-25T14:55:58.841Z] [worker-~diagnostic~-25b49cfe-5ad8-4a19-985a-efc237faf9b4]: IDLE {"metadata":{"emulator":{"name":"functions"},"message":"[worker-~diagnostic~-25b49cfe-5ad8-4a19-985a-efc237faf9b4]: IDLE"}}
[debug] [2020-11-25T14:57:15.844Z] File D:\React Projects\Amazon\amazon-clone\functions\index.js changed, reloading triggers {"metadata":{"emulator":{"name":"functions"},"message":"File D:\\React Projects\\Amazon\\amazon-clone\\functions\\index.js changed, reloading triggers"}}
[debug] [2020-11-25T14:57:16.846Z] [worker-pool] Shutting down IDLE worker (~diagnostic~) {"metadata":{"emulator":{"name":"functions"},"message":"[worker-pool] Shutting down IDLE worker (~diagnostic~)"}}
[debug] [2020-11-25T14:57:16.846Z] [worker-~diagnostic~-25b49cfe-5ad8-4a19-985a-efc237faf9b4]: FINISHING {"metadata":{"emulator":{"name":"functions"},"message":"[worker-~diagnostic~-25b49cfe-5ad8-4a19-985a-efc237faf9b4]: FINISHING"}}
[debug] [2020-11-25T14:57:16.847Z] [worker-pool] Cleaned up workers for ~diagnostic~: 2 --> 1 {"metadata":{"emulator":{"name":"functions"},"message":"[worker-pool] Cleaned up workers for ~diagnostic~: 2 --> 1"}}
[debug] [2020-11-25T14:57:16.857Z] [worker-pool] addWorker(~diagnostic~) {"metadata":{"emulator":{"name":"functions"},"message":"[worker-pool] addWorker(~diagnostic~)"}}
[debug] [2020-11-25T14:57:16.858Z] [worker-pool] Adding worker with key ~diagnostic~, total=2 {"metadata":{"emulator":{"name":"functions"},"message":"[worker-pool] Adding worker with key ~diagnostic~, total=2"}}
[debug] [2020-11-25T14:57:16.858Z] [worker-pool] submitWork(triggerId=) {"metadata":{"emulator":{"name":"functions"},"message":"[worker-pool] submitWork(triggerId=)"}}
[debug] [2020-11-25T14:57:16.858Z] [worker-~diagnostic~-6c5047a8-7b1d-44a6-bef4-1a1612f4e7e7]: Assigning socketPath: \\?\pipe\D:\React Projects\Amazon\amazon-clone\functions\10184 {"metadata":{"emulator":{"name":"functions"},"message":"[worker-~diagnostic~-6c5047a8-7b1d-44a6-bef4-1a1612f4e7e7]: Assigning socketPath: \\\\?\\pipe\\D:\\React Projects\\Amazon\\amazon-clone\\functions\\10184"}}
[debug] [2020-11-25T14:57:16.858Z] [worker-~diagnostic~-6c5047a8-7b1d-44a6-bef4-1a1612f4e7e7]: BUSY {"metadata":{"emulator":{"name":"functions"},"message":"[worker-~diagnostic~-6c5047a8-7b1d-44a6-bef4-1a1612f4e7e7]: BUSY"}}
[debug] [2020-11-25T14:57:16.867Z] [worker-~diagnostic~-25b49cfe-5ad8-4a19-985a-efc237faf9b4]: exited {"metadata":{"emulator":{"name":"functions"},"message":"[worker-~diagnostic~-25b49cfe-5ad8-4a19-985a-efc237faf9b4]: exited"}}
[debug] [2020-11-25T14:57:16.867Z] [worker-~diagnostic~-25b49cfe-5ad8-4a19-985a-efc237faf9b4]: FINISHED {"metadata":{"emulator":{"name":"functions"},"message":"[worker-~diagnostic~-25b49cfe-5ad8-4a19-985a-efc237faf9b4]: FINISHED"}}
[debug] [2020-11-25T14:57:18.068Z] [runtime-status] [10184] Functions runtime initialized. {"cwd":"D:\\React Projects\\Amazon\\amazon-clone\\functions","node_version":"12.18.3"} {"metadata":{"emulator":{"name":"functions"},"message":"[runtime-status] [10184] Functions runtime initialized. {\"cwd\":\"D:\\\\React Projects\\\\Amazon\\\\amazon-clone\\\\functions\",\"node_version\":\"12.18.3\"}"}}
[debug] [2020-11-25T14:57:18.076Z] [runtime-status] [10184] Disabled runtime features: undefined {"metadata":{"emulator":{"name":"functions"},"message":"[runtime-status] [10184] Disabled runtime features: undefined"}}
[debug] [2020-11-25T14:57:18.088Z] [runtime-status] [10184] Resolved module firebase-admin {"declared":true,"installed":true,"version":"9.4.1","resolution":"D:\\React Projects\\Amazon\\amazon-clone\\functions\\node_modules\\firebase-admin\\lib\\index.js"} {"metadata":{"emulator":{"name":"functions"},"message":"[runtime-status] [10184] Resolved module firebase-admin {\"declared\":true,\"installed\":true,\"version\":\"9.4.1\",\"resolution\":\"D:\\\\React Projects\\\\Amazon\\\\amazon-clone\\\\functions\\\\node_modules\\\\firebase-admin\\\\lib\\\\index.js\"}"}}
[debug] [2020-11-25T14:57:18.097Z] [runtime-status] [10184] Resolved module firebase-functions {"declared":true,"installed":true,"version":"3.11.0","resolution":"D:\\React Projects\\Amazon\\amazon-clone\\functions\\node_modules\\firebase-functions\\lib\\index.js"} {"metadata":{"emulator":{"name":"functions"},"message":"[runtime-status] [10184] Resolved module firebase-functions {\"declared\":true,\"installed\":true,\"version\":\"3.11.0\",\"resolution\":\"D:\\\\React Projects\\\\Amazon\\\\amazon-clone\\\\functions\\\\node_modules\\\\firebase-functions\\\\lib\\\\index.js\"}"}}
[debug] [2020-11-25T14:57:18.099Z] [runtime-status] [10184] Resolved module firebase-functions {"declared":true,"installed":true,"version":"3.11.0","resolution":"D:\\React Projects\\Amazon\\amazon-clone\\functions\\node_modules\\firebase-functions\\lib\\index.js"} {"metadata":{"emulator":{"name":"functions"},"message":"[runtime-status] [10184] Resolved module firebase-functions {\"declared\":true,\"installed\":true,\"version\":\"3.11.0\",\"resolution\":\"D:\\\\React Projects\\\\Amazon\\\\amazon-clone\\\\functions\\\\node_modules\\\\firebase-functions\\\\lib\\\\index.js\"}"}}
[debug] [2020-11-25T14:57:18.103Z] [runtime-status] [10184] Outgoing network have been stubbed. [{"name":"http","status":"mocked"},{"name":"http","status":"mocked"},{"name":"https","status":"mocked"},{"name":"https","status":"mocked"},{"name":"net","status":"mocked"}] {"metadata":{"emulator":{"name":"functions"},"message":"[runtime-status] [10184] Outgoing network have been stubbed. [{\"name\":\"http\",\"status\":\"mocked\"},{\"name\":\"http\",\"status\":\"mocked\"},{\"name\":\"https\",\"status\":\"mocked\"},{\"name\":\"https\",\"status\":\"mocked\"},{\"name\":\"net\",\"status\":\"mocked\"}]"}}
[debug] [2020-11-25T14:57:18.104Z] [runtime-status] [10184] Resolved module firebase-functions {"declared":true,"installed":true,"version":"3.11.0","resolution":"D:\\React Projects\\Amazon\\amazon-clone\\functions\\node_modules\\firebase-functions\\lib\\index.js"} {"metadata":{"emulator":{"name":"functions"},"message":"[runtime-status] [10184] Resolved module firebase-functions {\"declared\":true,\"installed\":true,\"version\":\"3.11.0\",\"resolution\":\"D:\\\\React Projects\\\\Amazon\\\\amazon-clone\\\\functions\\\\node_modules\\\\firebase-functions\\\\lib\\\\index.js\"}"}}
[debug] [2020-11-25T14:57:18.218Z] [runtime-status] [10184] Checked functions.config() {"config":{}} {"metadata":{"emulator":{"name":"functions"},"message":"[runtime-status] [10184] Checked functions.config() {\"config\":{}}"}}
[debug] [2020-11-25T14:57:18.218Z] [runtime-status] [10184] firebase-functions has been stubbed. {"functionsResolution":{"declared":true,"installed":true,"version":"3.11.0","resolution":"D:\\React Projects\\Amazon\\amazon-clone\\functions\\node_modules\\firebase-functions\\lib\\index.js"}} {"metadata":{"emulator":{"name":"functions"},"message":"[runtime-status] [10184] firebase-functions has been stubbed. {\"functionsResolution\":{\"declared\":true,\"installed\":true,\"version\":\"3.11.0\",\"resolution\":\"D:\\\\React Projects\\\\Amazon\\\\amazon-clone\\\\functions\\\\node_modules\\\\firebase-functions\\\\lib\\\\index.js\"}}"}}
[debug] [2020-11-25T14:57:18.230Z] File D:\React Projects\Amazon\amazon-clone\functions\index.js changed, reloading triggers {"metadata":{"emulator":{"name":"functions"},"message":"File D:\\React Projects\\Amazon\\amazon-clone\\functions\\index.js changed, reloading triggers"}}
[debug] [2020-11-25T14:57:18.245Z] [runtime-status] [10184] Resolved module firebase-functions {"declared":true,"installed":true,"version":"3.11.0","resolution":"D:\\React Projects\\Amazon\\amazon-clone\\functions\\node_modules\\firebase-functions\\lib\\index.js"} {"metadata":{"emulator":{"name":"functions"},"message":"[runtime-status] [10184] Resolved module firebase-functions {\"declared\":true,\"installed\":true,\"version\":\"3.11.0\",\"resolution\":\"D:\\\\React Projects\\\\Amazon\\\\amazon-clone\\\\functions\\\\node_modules\\\\firebase-functions\\\\lib\\\\index.js\"}"}}
[debug] [2020-11-25T14:57:18.249Z] [runtime-status] [10184] Resolved module firebase-admin {"declared":true,"installed":true,"version":"9.4.1","resolution":"D:\\React Projects\\Amazon\\amazon-clone\\functions\\node_modules\\firebase-admin\\lib\\index.js"} {"metadata":{"emulator":{"name":"functions"},"message":"[runtime-status] [10184] Resolved module firebase-admin {\"declared\":true,\"installed\":true,\"version\":\"9.4.1\",\"resolution\":\"D:\\\\React Projects\\\\Amazon\\\\amazon-clone\\\\functions\\\\node_modules\\\\firebase-admin\\\\lib\\\\index.js\"}"}}
[debug] [2020-11-25T14:57:18.250Z] [runtime-status] [10184] Resolved module firebase-functions {"declared":true,"installed":true,"version":"3.11.0","resolution":"D:\\React Projects\\Amazon\\amazon-clone\\functions\\node_modules\\firebase-functions\\lib\\index.js"} {"metadata":{"emulator":{"name":"functions"},"message":"[runtime-status] [10184] Resolved module firebase-functions {\"declared\":true,\"installed\":true,\"version\":\"3.11.0\",\"resolution\":\"D:\\\\React Projects\\\\Amazon\\\\amazon-clone\\\\functions\\\\node_modules\\\\firebase-functions\\\\lib\\\\index.js\"}"}}
[debug] [2020-11-25T14:57:18.251Z] [runtime-status] [10184] firebase-admin has been stubbed. {"adminResolution":{"declared":true,"installed":true,"version":"9.4.1","resolution":"D:\\React Projects\\Amazon\\amazon-clone\\functions\\node_modules\\firebase-admin\\lib\\index.js"}} {"metadata":{"emulator":{"name":"functions"},"message":"[runtime-status] [10184] firebase-admin has been stubbed. {\"adminResolution\":{\"declared\":true,\"installed\":true,\"version\":\"9.4.1\",\"resolution\":\"D:\\\\React Projects\\\\Amazon\\\\amazon-clone\\\\functions\\\\node_modules\\\\firebase-admin\\\\lib\\\\index.js\"}}"}}
[debug] [2020-11-25T14:57:18.531Z] [worker-~diagnostic~-6c5047a8-7b1d-44a6-bef4-1a1612f4e7e7]: IDLE {"metadata":{"emulator":{"name":"functions"},"message":"[worker-~diagnostic~-6c5047a8-7b1d-44a6-bef4-1a1612f4e7e7]: IDLE"}}
[debug] [2020-11-25T14:57:19.232Z] [worker-pool] Shutting down IDLE worker (~diagnostic~) {"metadata":{"emulator":{"name":"functions"},"message":"[worker-pool] Shutting down IDLE worker (~diagnostic~)"}}
[debug] [2020-11-25T14:57:19.232Z] [worker-~diagnostic~-6c5047a8-7b1d-44a6-bef4-1a1612f4e7e7]: FINISHING {"metadata":{"emulator":{"name":"functions"},"message":"[worker-~diagnostic~-6c5047a8-7b1d-44a6-bef4-1a1612f4e7e7]: FINISHING"}}
[debug] [2020-11-25T14:57:19.232Z] [worker-pool] Cleaned up workers for ~diagnostic~: 2 --> 1 {"metadata":{"emulator":{"name":"functions"},"message":"[worker-pool] Cleaned up workers for ~diagnostic~: 2 --> 1"}}
[debug] [2020-11-25T14:57:19.238Z] [worker-pool] addWorker(~diagnostic~) {"metadata":{"emulator":{"name":"functions"},"message":"[worker-pool] addWorker(~diagnostic~)"}}
[debug] [2020-11-25T14:57:19.238Z] [worker-pool] Adding worker with key ~diagnostic~, total=2 {"metadata":{"emulator":{"name":"functions"},"message":"[worker-pool] Adding worker with key ~diagnostic~, total=2"}}
[debug] [2020-11-25T14:57:19.238Z] [worker-pool] submitWork(triggerId=) {"metadata":{"emulator":{"name":"functions"},"message":"[worker-pool] submitWork(triggerId=)"}}
[debug] [2020-11-25T14:57:19.238Z] [worker-~diagnostic~-86e4a86b-dc57-4338-9459-03c93d832e41]: Assigning socketPath: \\?\pipe\D:\React Projects\Amazon\amazon-clone\functions\2176 {"metadata":{"emulator":{"name":"functions"},"message":"[worker-~diagnostic~-86e4a86b-dc57-4338-9459-03c93d832e41]: Assigning socketPath: \\\\?\\pipe\\D:\\React Projects\\Amazon\\amazon-clone\\functions\\2176"}}
[debug] [2020-11-25T14:57:19.239Z] [worker-~diagnostic~-86e4a86b-dc57-4338-9459-03c93d832e41]: BUSY {"metadata":{"emulator":{"name":"functions"},"message":"[worker-~diagnostic~-86e4a86b-dc57-4338-9459-03c93d832e41]: BUSY"}}
[debug] [2020-11-25T14:57:19.247Z] [worker-~diagnostic~-6c5047a8-7b1d-44a6-bef4-1a1612f4e7e7]: exited {"metadata":{"emulator":{"name":"functions"},"message":"[worker-~diagnostic~-6c5047a8-7b1d-44a6-bef4-1a1612f4e7e7]: exited"}}
[debug] [2020-11-25T14:57:19.247Z] [worker-~diagnostic~-6c5047a8-7b1d-44a6-bef4-1a1612f4e7e7]: FINISHED {"metadata":{"emulator":{"name":"functions"},"message":"[worker-~diagnostic~-6c5047a8-7b1d-44a6-bef4-1a1612f4e7e7]: FINISHED"}}
[debug] [2020-11-25T14:57:19.905Z] [runtime-status] [2176] Functions runtime initialized. {"cwd":"D:\\React Projects\\Amazon\\amazon-clone\\functions","node_version":"12.18.3"} {"metadata":{"emulator":{"name":"functions"},"message":"[runtime-status] [2176] Functions runtime initialized. {\"cwd\":\"D:\\\\React Projects\\\\Amazon\\\\amazon-clone\\\\functions\",\"node_version\":\"12.18.3\"}"}}
[debug] [2020-11-25T14:57:19.912Z] [runtime-status] [2176] Disabled runtime features: undefined {"metadata":{"emulator":{"name":"functions"},"message":"[runtime-status] [2176] Disabled runtime features: undefined"}}
[debug] [2020-11-25T14:57:19.917Z] [runtime-status] [2176] Resolved module firebase-admin {"declared":true,"installed":true,"version":"9.4.1","resolution":"D:\\React Projects\\Amazon\\amazon-clone\\functions\\node_modules\\firebase-admin\\lib\\index.js"} {"metadata":{"emulator":{"name":"functions"},"message":"[runtime-status] [2176] Resolved module firebase-admin {\"declared\":true,\"installed\":true,\"version\":\"9.4.1\",\"resolution\":\"D:\\\\React Projects\\\\Amazon\\\\amazon-clone\\\\functions\\\\node_modules\\\\firebase-admin\\\\lib\\\\index.js\"}"}}
[debug] [2020-11-25T14:57:19.923Z] [runtime-status] [2176] Resolved module firebase-functions {"declared":true,"installed":true,"version":"3.11.0","resolution":"D:\\React Projects\\Amazon\\amazon-clone\\functions\\node_modules\\firebase-functions\\lib\\index.js"} {"metadata":{"emulator":{"name":"functions"},"message":"[runtime-status] [2176] Resolved module firebase-functions {\"declared\":true,\"installed\":true,\"version\":\"3.11.0\",\"resolution\":\"D:\\\\React Projects\\\\Amazon\\\\amazon-clone\\\\functions\\\\node_modules\\\\firebase-functions\\\\lib\\\\index.js\"}"}}
[debug] [2020-11-25T14:57:19.925Z] [runtime-status] [2176] Resolved module firebase-functions {"declared":true,"installed":true,"version":"3.11.0","resolution":"D:\\React Projects\\Amazon\\amazon-clone\\functions\\node_modules\\firebase-functions\\lib\\index.js"} {"metadata":{"emulator":{"name":"functions"},"message":"[runtime-status] [2176] Resolved module firebase-functions {\"declared\":true,\"installed\":true,\"version\":\"3.11.0\",\"resolution\":\"D:\\\\React Projects\\\\Amazon\\\\amazon-clone\\\\functions\\\\node_modules\\\\firebase-functions\\\\lib\\\\index.js\"}"}}
[debug] [2020-11-25T14:57:19.927Z] [runtime-status] [2176] Outgoing network have been stubbed. [{"name":"http","status":"mocked"},{"name":"http","status":"mocked"},{"name":"https","status":"mocked"},{"name":"https","status":"mocked"},{"name":"net","status":"mocked"}] {"metadata":{"emulator":{"name":"functions"},"message":"[runtime-status] [2176] Outgoing network have been stubbed. [{\"name\":\"http\",\"status\":\"mocked\"},{\"name\":\"http\",\"status\":\"mocked\"},{\"name\":\"https\",\"status\":\"mocked\"},{\"name\":\"https\",\"status\":\"mocked\"},{\"name\":\"net\",\"status\":\"mocked\"}]"}}
[debug] [2020-11-25T14:57:19.928Z] [runtime-status] [2176] Resolved module firebase-functions {"declared":true,"installed":true,"version":"3.11.0","resolution":"D:\\React Projects\\Amazon\\amazon-clone\\functions\\node_modules\\firebase-functions\\lib\\index.js"} {"metadata":{"emulator":{"name":"functions"},"message":"[runtime-status] [2176] Resolved module firebase-functions {\"declared\":true,\"installed\":true,\"version\":\"3.11.0\",\"resolution\":\"D:\\\\React Projects\\\\Amazon\\\\amazon-clone\\\\functions\\\\node_modules\\\\firebase-functions\\\\lib\\\\index.js\"}"}}
[debug] [2020-11-25T14:57:19.991Z] [runtime-status] [2176] Checked functions.config() {"config":{}} {"metadata":{"emulator":{"name":"functions"},"message":"[runtime-status] [2176] Checked functions.config() {\"config\":{}}"}}
[debug] [2020-11-25T14:57:19.992Z] [runtime-status] [2176] firebase-functions has been stubbed. {"functionsResolution":{"declared":true,"installed":true,"version":"3.11.0","resolution":"D:\\React Projects\\Amazon\\amazon-clone\\functions\\node_modules\\firebase-functions\\lib\\index.js"}} {"metadata":{"emulator":{"name":"functions"},"message":"[runtime-status] [2176] firebase-functions has been stubbed. {\"functionsResolution\":{\"declared\":true,\"installed\":true,\"version\":\"3.11.0\",\"resolution\":\"D:\\\\React Projects\\\\Amazon\\\\amazon-clone\\\\functions\\\\node_modules\\\\firebase-functions\\\\lib\\\\index.js\"}}"}}
[debug] [2020-11-25T14:57:19.993Z] [runtime-status] [2176] Resolved module firebase-functions {"declared":true,"installed":true,"version":"3.11.0","resolution":"D:\\React Projects\\Amazon\\amazon-clone\\functions\\node_modules\\firebase-functions\\lib\\index.js"} {"metadata":{"emulator":{"name":"functions"},"message":"[runtime-status] [2176] Resolved module firebase-functions {\"declared\":true,\"installed\":true,\"version\":\"3.11.0\",\"resolution\":\"D:\\\\React Projects\\\\Amazon\\\\amazon-clone\\\\functions\\\\node_modules\\\\firebase-functions\\\\lib\\\\index.js\"}"}}
[debug] [2020-11-25T14:57:19.994Z] [runtime-status] [2176] Resolved module firebase-admin {"declared":true,"installed":true,"version":"9.4.1","resolution":"D:\\React Projects\\Amazon\\amazon-clone\\functions\\node_modules\\firebase-admin\\lib\\index.js"} {"metadata":{"emulator":{"name":"functions"},"message":"[runtime-status] [2176] Resolved module firebase-admin {\"declared\":true,\"installed\":true,\"version\":\"9.4.1\",\"resolution\":\"D:\\\\React Projects\\\\Amazon\\\\amazon-clone\\\\functions\\\\node_modules\\\\firebase-admin\\\\lib\\\\index.js\"}"}}
[debug] [2020-11-25T14:57:19.995Z] [runtime-status] [2176] Resolved module firebase-functions {"declared":true,"installed":true,"version":"3.11.0","resolution":"D:\\React Projects\\Amazon\\amazon-clone\\functions\\node_modules\\firebase-functions\\lib\\index.js"} {"metadata":{"emulator":{"name":"functions"},"message":"[runtime-status] [2176] Resolved module firebase-functions {\"declared\":true,\"installed\":true,\"version\":\"3.11.0\",\"resolution\":\"D:\\\\React Projects\\\\Amazon\\\\amazon-clone\\\\functions\\\\node_modules\\\\firebase-functions\\\\lib\\\\index.js\"}"}}
[debug] [2020-11-25T14:57:19.996Z] [runtime-status] [2176] firebase-admin has been stubbed. {"adminResolution":{"declared":true,"installed":true,"version":"9.4.1","resolution":"D:\\React Projects\\Amazon\\amazon-clone\\functions\\node_modules\\firebase-admin\\lib\\index.js"}} {"metadata":{"emulator":{"name":"functions"},"message":"[runtime-status] [2176] firebase-admin has been stubbed. {\"adminResolution\":{\"declared\":true,\"installed\":true,\"version\":\"9.4.1\",\"resolution\":\"D:\\\\React Projects\\\\Amazon\\\\amazon-clone\\\\functions\\\\node_modules\\\\firebase-admin\\\\lib\\\\index.js\"}}"}}
[debug] [2020-11-25T14:57:20.239Z] [worker-~diagnostic~-86e4a86b-dc57-4338-9459-03c93d832e41]: IDLE {"metadata":{"emulator":{"name":"functions"},"message":"[worker-~diagnostic~-86e4a86b-dc57-4338-9459-03c93d832e41]: IDLE"}}
[debug] [2020-11-25T14:57:25.211Z] File D:\React Projects\Amazon\amazon-clone\functions\index.js changed, reloading triggers {"metadata":{"emulator":{"name":"functions"},"message":"File D:\\React Projects\\Amazon\\amazon-clone\\functions\\index.js changed, reloading triggers"}}
[debug] [2020-11-25T14:57:26.212Z] [worker-pool] Shutting down IDLE worker (~diagnostic~) {"metadata":{"emulator":{"name":"functions"},"message":"[worker-pool] Shutting down IDLE worker (~diagnostic~)"}}
[debug] [2020-11-25T14:57:26.212Z] [worker-~diagnostic~-86e4a86b-dc57-4338-9459-03c93d832e41]: FINISHING {"metadata":{"emulator":{"name":"functions"},"message":"[worker-~diagnostic~-86e4a86b-dc57-4338-9459-03c93d832e41]: FINISHING"}}
[debug] [2020-11-25T14:57:26.213Z] [worker-pool] Cleaned up workers for ~diagnostic~: 2 --> 1 {"metadata":{"emulator":{"name":"functions"},"message":"[worker-pool] Cleaned up workers for ~diagnostic~: 2 --> 1"}}
[debug] [2020-11-25T14:57:26.225Z] [worker-pool] addWorker(~diagnostic~) {"metadata":{"emulator":{"name":"functions"},"message":"[worker-pool] addWorker(~diagnostic~)"}}
[debug] [2020-11-25T14:57:26.225Z] [worker-pool] Adding worker with key ~diagnostic~, total=2 {"metadata":{"emulator":{"name":"functions"},"message":"[worker-pool] Adding worker with key ~diagnostic~, total=2"}}
[debug] [2020-11-25T14:57:26.225Z] [worker-pool] submitWork(triggerId=) {"metadata":{"emulator":{"name":"functions"},"message":"[worker-pool] submitWork(triggerId=)"}}
[debug] [2020-11-25T14:57:26.225Z] [worker-~diagnostic~-30f84e82-a57e-4d23-a569-4a36e7e0022c]: Assigning socketPath: \\?\pipe\D:\React Projects\Amazon\amazon-clone\functions\12836 {"metadata":{"emulator":{"name":"functions"},"message":"[worker-~diagnostic~-30f84e82-a57e-4d23-a569-4a36e7e0022c]: Assigning socketPath: \\\\?\\pipe\\D:\\React Projects\\Amazon\\amazon-clone\\functions\\12836"}}
[debug] [2020-11-25T14:57:26.225Z] [worker-~diagnostic~-30f84e82-a57e-4d23-a569-4a36e7e0022c]: BUSY {"metadata":{"emulator":{"name":"functions"},"message":"[worker-~diagnostic~-30f84e82-a57e-4d23-a569-4a36e7e0022c]: BUSY"}}
[debug] [2020-11-25T14:57:26.233Z] [worker-~diagnostic~-86e4a86b-dc57-4338-9459-03c93d832e41]: exited {"metadata":{"emulator":{"name":"functions"},"message":"[worker-~diagnostic~-86e4a86b-dc57-4338-9459-03c93d832e41]: exited"}}
[debug] [2020-11-25T14:57:26.233Z] [worker-~diagnostic~-86e4a86b-dc57-4338-9459-03c93d832e41]: FINISHED {"metadata":{"emulator":{"name":"functions"},"message":"[worker-~diagnostic~-86e4a86b-dc57-4338-9459-03c93d832e41]: FINISHED"}}
[debug] [2020-11-25T14:57:26.873Z] [runtime-status] [12836] Functions runtime initialized. {"cwd":"D:\\React Projects\\Amazon\\amazon-clone\\functions","node_version":"12.18.3"} {"metadata":{"emulator":{"name":"functions"},"message":"[runtime-status] [12836] Functions runtime initialized. {\"cwd\":\"D:\\\\React Projects\\\\Amazon\\\\amazon-clone\\\\functions\",\"node_version\":\"12.18.3\"}"}}
[debug] [2020-11-25T14:57:26.881Z] [runtime-status] [12836] Disabled runtime features: undefined {"metadata":{"emulator":{"name":"functions"},"message":"[runtime-status] [12836] Disabled runtime features: undefined"}}
[debug] [2020-11-25T14:57:26.888Z] [runtime-status] [12836] Resolved module firebase-admin {"declared":true,"installed":true,"version":"9.4.1","resolution":"D:\\React Projects\\Amazon\\amazon-clone\\functions\\node_modules\\firebase-admin\\lib\\index.js"} {"metadata":{"emulator":{"name":"functions"},"message":"[runtime-status] [12836] Resolved module firebase-admin {\"declared\":true,\"installed\":true,\"version\":\"9.4.1\",\"resolution\":\"D:\\\\React Projects\\\\Amazon\\\\amazon-clone\\\\functions\\\\node_modules\\\\firebase-admin\\\\lib\\\\index.js\"}"}}
[debug] [2020-11-25T14:57:26.890Z] [runtime-status] [12836] Resolved module firebase-functions {"declared":true,"installed":true,"version":"3.11.0","resolution":"D:\\React Projects\\Amazon\\amazon-clone\\functions\\node_modules\\firebase-functions\\lib\\index.js"} {"metadata":{"emulator":{"name":"functions"},"message":"[runtime-status] [12836] Resolved module firebase-functions {\"declared\":true,\"installed\":true,\"version\":\"3.11.0\",\"resolution\":\"D:\\\\React Projects\\\\Amazon\\\\amazon-clone\\\\functions\\\\node_modules\\\\firebase-functions\\\\lib\\\\index.js\"}"}}
[debug] [2020-11-25T14:57:26.892Z] [runtime-status] [12836] Resolved module firebase-functions {"declared":true,"installed":true,"version":"3.11.0","resolution":"D:\\React Projects\\Amazon\\amazon-clone\\functions\\node_modules\\firebase-functions\\lib\\index.js"} {"metadata":{"emulator":{"name":"functions"},"message":"[runtime-status] [12836] Resolved module firebase-functions {\"declared\":true,\"installed\":true,\"version\":\"3.11.0\",\"resolution\":\"D:\\\\React Projects\\\\Amazon\\\\amazon-clone\\\\functions\\\\node_modules\\\\firebase-functions\\\\lib\\\\index.js\"}"}}
[debug] [2020-11-25T14:57:26.894Z] [runtime-status] [12836] Outgoing network have been stubbed. [{"name":"http","status":"mocked"},{"name":"http","status":"mocked"},{"name":"https","status":"mocked"},{"name":"https","status":"mocked"},{"name":"net","status":"mocked"}] {"metadata":{"emulator":{"name":"functions"},"message":"[runtime-status] [12836] Outgoing network have been stubbed. [{\"name\":\"http\",\"status\":\"mocked\"},{\"name\":\"http\",\"status\":\"mocked\"},{\"name\":\"https\",\"status\":\"mocked\"},{\"name\":\"https\",\"status\":\"mocked\"},{\"name\":\"net\",\"status\":\"mocked\"}]"}}
[debug] [2020-11-25T14:57:26.895Z] [runtime-status] [12836] Resolved module firebase-functions {"declared":true,"installed":true,"version":"3.11.0","resolution":"D:\\React Projects\\Amazon\\amazon-clone\\functions\\node_modules\\firebase-functions\\lib\\index.js"} {"metadata":{"emulator":{"name":"functions"},"message":"[runtime-status] [12836] Resolved module firebase-functions {\"declared\":true,\"installed\":true,\"version\":\"3.11.0\",\"resolution\":\"D:\\\\React Projects\\\\Amazon\\\\amazon-clone\\\\functions\\\\node_modules\\\\firebase-functions\\\\lib\\\\index.js\"}"}}
[debug] [2020-11-25T14:57:26.956Z] [runtime-status] [12836] Checked functions.config() {"config":{}} {"metadata":{"emulator":{"name":"functions"},"message":"[runtime-status] [12836] Checked functions.config() {\"config\":{}}"}}
[debug] [2020-11-25T14:57:26.957Z] [runtime-status] [12836] firebase-functions has been stubbed. {"functionsResolution":{"declared":true,"installed":true,"version":"3.11.0","resolution":"D:\\React Projects\\Amazon\\amazon-clone\\functions\\node_modules\\firebase-functions\\lib\\index.js"}} {"metadata":{"emulator":{"name":"functions"},"message":"[runtime-status] [12836] firebase-functions has been stubbed. {\"functionsResolution\":{\"declared\":true,\"installed\":true,\"version\":\"3.11.0\",\"resolution\":\"D:\\\\React Projects\\\\Amazon\\\\amazon-clone\\\\functions\\\\node_modules\\\\firebase-functions\\\\lib\\\\index.js\"}}"}}
[debug] [2020-11-25T14:57:26.958Z] [runtime-status] [12836] Resolved module firebase-functions {"declared":true,"installed":true,"version":"3.11.0","resolution":"D:\\React Projects\\Amazon\\amazon-clone\\functions\\node_modules\\firebase-functions\\lib\\index.js"} {"metadata":{"emulator":{"name":"functions"},"message":"[runtime-status] [12836] Resolved module firebase-functions {\"declared\":true,\"installed\":true,\"version\":\"3.11.0\",\"resolution\":\"D:\\\\React Projects\\\\Amazon\\\\amazon-clone\\\\functions\\\\node_modules\\\\firebase-functions\\\\lib\\\\index.js\"}"}}
[debug] [2020-11-25T14:57:26.960Z] [runtime-status] [12836] Resolved module firebase-admin {"declared":true,"installed":true,"version":"9.4.1","resolution":"D:\\React Projects\\Amazon\\amazon-clone\\functions\\node_modules\\firebase-admin\\lib\\index.js"} {"metadata":{"emulator":{"name":"functions"},"message":"[runtime-status] [12836] Resolved module firebase-admin {\"declared\":true,\"installed\":true,\"version\":\"9.4.1\",\"resolution\":\"D:\\\\React Projects\\\\Amazon\\\\amazon-clone\\\\functions\\\\node_modules\\\\firebase-admin\\\\lib\\\\index.js\"}"}}
[debug] [2020-11-25T14:57:26.961Z] [runtime-status] [12836] Resolved module firebase-functions {"declared":true,"installed":true,"version":"3.11.0","resolution":"D:\\React Projects\\Amazon\\amazon-clone\\functions\\node_modules\\firebase-functions\\lib\\index.js"} {"metadata":{"emulator":{"name":"functions"},"message":"[runtime-status] [12836] Resolved module firebase-functions {\"declared\":true,\"installed\":true,\"version\":\"3.11.0\",\"resolution\":\"D:\\\\React Projects\\\\Amazon\\\\amazon-clone\\\\functions\\\\node_modules\\\\firebase-functions\\\\lib\\\\index.js\"}"}}
[debug] [2020-11-25T14:57:26.962Z] [runtime-status] [12836] firebase-admin has been stubbed. {"adminResolution":{"declared":true,"installed":true,"version":"9.4.1","resolution":"D:\\React Projects\\Amazon\\amazon-clone\\functions\\node_modules\\firebase-admin\\lib\\index.js"}} {"metadata":{"emulator":{"name":"functions"},"message":"[runtime-status] [12836] firebase-admin has been stubbed. {\"adminResolution\":{\"declared\":true,\"installed\":true,\"version\":\"9.4.1\",\"resolution\":\"D:\\\\React Projects\\\\Amazon\\\\amazon-clone\\\\functions\\\\node_modules\\\\firebase-admin\\\\lib\\\\index.js\"}}"}}
[debug] [2020-11-25T14:57:27.217Z] [worker-~diagnostic~-30f84e82-a57e-4d23-a569-4a36e7e0022c]: IDLE {"metadata":{"emulator":{"name":"functions"},"message":"[worker-~diagnostic~-30f84e82-a57e-4d23-a569-4a36e7e0022c]: IDLE"}}
[debug] [2020-11-26T16:22:43.000Z] ----------------------------------------------------------------------
[debug] [2020-11-26T16:22:43.003Z] Command:       C:\Program Files\nodejs\node.exe C:\Users\Sanoj Chathuranha\AppData\Roaming\npm\node_modules\firebase-tools\lib\bin\firebase.js emulators:start
[debug] [2020-11-26T16:22:43.004Z] CLI Version:   8.16.2
[debug] [2020-11-26T16:22:43.004Z] Platform:      win32
[debug] [2020-11-26T16:22:43.004Z] Node Version:  v12.18.3
[debug] [2020-11-26T16:22:43.054Z] Time:          Thu Nov 26 2020 21:52:43 GMT+0530 (India Standard Time)
[debug] [2020-11-26T16:22:43.054Z] ----------------------------------------------------------------------
[debug] [2020-11-26T16:22:43.055Z] 
[debug] [2020-11-26T16:22:43.075Z] >>> [apiv2][query] GET https://firebase-public.firebaseio.com/cli.json [none]
[debug] [2020-11-26T16:22:43.183Z] > command requires scopes: ["email","openid","https://www.googleapis.com/auth/cloudplatformprojects.readonly","https://www.googleapis.com/auth/firebase","https://www.googleapis.com/auth/cloud-platform"]
[debug] [2020-11-26T16:22:43.185Z] > authorizing via signed-in user
[info] i  emulators: Starting emulators: functions, hosting {"metadata":{"emulator":{"name":"hub"},"message":"Starting emulators: functions, hosting"}}
[warn] !  emulators: It seems that you are running multiple instances of the emulator suite for project clone-7b120. This may result in unexpected behavior. 
[debug] [2020-11-26T16:22:45.456Z] [hub] writing locator at C:\Users\SANOJC~1\AppData\Local\Temp\hub-clone-7b120.json
[debug] [2020-11-26T16:22:47.027Z] <<< [apiv2][status] GET https://firebase-public.firebaseio.com/cli.json 200
[debug] [2020-11-26T16:22:47.028Z] <<< [apiv2][body] GET https://firebase-public.firebaseio.com/cli.json {"cloudBuildErrorAfter":1594252800000,"cloudBuildWarnAfter":1590019200000,"defaultNode10After":1594252800000,"minVersion":"3.0.5","node8DeploysDisabledAfter":1613390400000,"node8RuntimeDisabledAfter":1615809600000,"node8WarnAfter":1600128000000}
[warn] !  functions: The following emulators are not running, calls to these services from the Functions emulator will affect production: auth, firestore, database, pubsub {"metadata":{"emulator":{"name":"functions"},"message":"The following emulators are not running, calls to these services from the Functions emulator will affect production: \u001b[1mauth, firestore, database, pubsub\u001b[22m"}}
[info] +  functions: Using node@12 from host. {"metadata":{"emulator":{"name":"functions"},"message":"Using node@12 from host."}}
[debug] [2020-11-26T16:22:47.954Z] defaultcredentials: writing to file C:\Users\Sanoj Chathuranha\AppData\Roaming\firebase\chathuranga_amarasiri91_gmail.com_application_default_credentials.json
[debug] [2020-11-26T16:22:47.982Z] Setting GAC to C:\Users\Sanoj Chathuranha\AppData\Roaming\firebase\chathuranga_amarasiri91_gmail.com_application_default_credentials.json {"metadata":{"emulator":{"name":"functions"},"message":"Setting GAC to C:\\Users\\Sanoj Chathuranha\\AppData\\Roaming\\firebase\\chathuranga_amarasiri91_gmail.com_application_default_credentials.json"}}
[debug] [2020-11-26T16:22:50.006Z] > refreshing access token with scopes: ["email","https://www.googleapis.com/auth/cloud-platform","https://www.googleapis.com/auth/cloudplatformprojects.readonly","https://www.googleapis.com/auth/firebase","openid"]
[debug] [2020-11-26T16:22:50.007Z] >>> HTTP REQUEST POST https://www.googleapis.com/oauth2/v3/token  
 <request body omitted>
[debug] [2020-11-26T16:22:52.379Z] <<< HTTP RESPONSE 200 {"date":"Thu, 26 Nov 2020 16:22:51 GMT","expires":"Mon, 01 Jan 1990 00:00:00 GMT","cache-control":"no-cache, no-store, max-age=0, must-revalidate","pragma":"no-cache","content-type":"application/json; charset=utf-8","vary":"X-Origin, Referer, Origin,Accept-Encoding","server":"scaffolding on HTTPServer2","x-xss-protection":"0","x-frame-options":"SAMEORIGIN","x-content-type-options":"nosniff","alt-svc":"h3-29=\":443\"; ma=2592000,h3-T051=\":443\"; ma=2592000,h3-Q050=\":443\"; ma=2592000,h3-Q046=\":443\"; ma=2592000,h3-Q043=\":443\"; ma=2592000,quic=\":443\"; ma=2592000; v=\"46,43\"","accept-ranges":"none","transfer-encoding":"chunked"}
[debug] [2020-11-26T16:22:52.448Z] >>> HTTP REQUEST GET https://firebase.googleapis.com/v1beta1/projects/clone-7b120/webApps/-/config  
 
[debug] [2020-11-26T16:22:54.949Z] <<< HTTP RESPONSE 200 {"content-type":"application/json; charset=UTF-8","vary":"X-Origin, Referer, Origin,Accept-Encoding","date":"Thu, 26 Nov 2020 16:22:53 GMT","server":"ESF","cache-control":"private","x-xss-protection":"0","x-frame-options":"SAMEORIGIN","x-content-type-options":"nosniff","alt-svc":"h3-29=\":443\"; ma=2592000,h3-T051=\":443\"; ma=2592000,h3-Q050=\":443\"; ma=2592000,h3-Q046=\":443\"; ma=2592000,h3-Q043=\":443\"; ma=2592000,quic=\":443\"; ma=2592000; v=\"46,43\"","accept-ranges":"none","transfer-encoding":"chunked"}
[info] i  hosting: Serving hosting files from: build {"metadata":{"emulator":{"name":"hosting"},"message":"Serving hosting files from: \u001b[1mbuild\u001b[22m"}}
[info] +  hosting: Local server: http://localhost:5000 {"metadata":{"emulator":{"name":"hosting"},"message":"Local server: \u001b[4m\u001b[1mhttp://localhost:5000\u001b[22m\u001b[24m"}}
[debug] [2020-11-26T16:22:59.727Z] Ignoring unsupported arg: auto_download {"metadata":{"emulator":{"name":"ui"},"message":"Ignoring unsupported arg: auto_download"}}
[debug] [2020-11-26T16:22:59.727Z] Ignoring unsupported arg: port {"metadata":{"emulator":{"name":"ui"},"message":"Ignoring unsupported arg: port"}}
[debug] [2020-11-26T16:22:59.728Z] Starting Emulator UI with command {"binary":"node","args":["C:\\Users\\Sanoj Chathuranha\\.cache\\firebase\\emulators\\ui-v1.2.2\\server.bundle.js"],"optionalArgs":[],"joinArgs":false} {"metadata":{"emulator":{"name":"ui"},"message":"Starting Emulator UI with command {\"binary\":\"node\",\"args\":[\"C:\\\\Users\\\\Sanoj Chathuranha\\\\.cache\\\\firebase\\\\emulators\\\\ui-v1.2.2\\\\server.bundle.js\"],\"optionalArgs\":[],\"joinArgs\":false}"}}
[info] i  ui: Emulator UI logging to ui-debug.log {"metadata":{"emulator":{"name":"ui"},"message":"Emulator UI logging to \u001b[1mui-debug.log\u001b[22m"}}
[debug] [2020-11-26T16:23:00.196Z] Web / API server started at http://localhost:4000
 {"metadata":{"emulator":{"name":"ui"},"message":"Web / API server started at http://localhost:4000\n"}}
[info] i  functions: Watching "D:\React Projects\Amazon\amazon-clone\functions" for Cloud Functions... {"metadata":{"emulator":{"name":"functions"},"message":"Watching \"D:\\React Projects\\Amazon\\amazon-clone\\functions\" for Cloud Functions..."}}
[debug] [2020-11-26T16:23:00.419Z] [worker-pool] addWorker(~diagnostic~) {"metadata":{"emulator":{"name":"functions"},"message":"[worker-pool] addWorker(~diagnostic~)"}}
[debug] [2020-11-26T16:23:00.420Z] [worker-pool] Adding worker with key ~diagnostic~, total=1 {"metadata":{"emulator":{"name":"functions"},"message":"[worker-pool] Adding worker with key ~diagnostic~, total=1"}}
[debug] [2020-11-26T16:23:00.420Z] [worker-pool] submitWork(triggerId=) {"metadata":{"emulator":{"name":"functions"},"message":"[worker-pool] submitWork(triggerId=)"}}
[debug] [2020-11-26T16:23:00.421Z] [worker-~diagnostic~-0097cb82-dcbc-4f6e-9238-0bc6716d592d]: Assigning socketPath: \\?\pipe\D:\React Projects\Amazon\amazon-clone\functions\1224 {"metadata":{"emulator":{"name":"functions"},"message":"[worker-~diagnostic~-0097cb82-dcbc-4f6e-9238-0bc6716d592d]: Assigning socketPath: \\\\?\\pipe\\D:\\React Projects\\Amazon\\amazon-clone\\functions\\1224"}}
[debug] [2020-11-26T16:23:00.422Z] [worker-~diagnostic~-0097cb82-dcbc-4f6e-9238-0bc6716d592d]: BUSY {"metadata":{"emulator":{"name":"functions"},"message":"[worker-~diagnostic~-0097cb82-dcbc-4f6e-9238-0bc6716d592d]: BUSY"}}
[debug] [2020-11-26T16:23:01.727Z] [runtime-status] [1224] Functions runtime initialized. {"cwd":"D:\\React Projects\\Amazon\\amazon-clone\\functions","node_version":"12.18.3"} {"metadata":{"emulator":{"name":"functions"},"message":"[runtime-status] [1224] Functions runtime initialized. {\"cwd\":\"D:\\\\React Projects\\\\Amazon\\\\amazon-clone\\\\functions\",\"node_version\":\"12.18.3\"}"}}
[debug] [2020-11-26T16:23:01.734Z] [runtime-status] [1224] Disabled runtime features: undefined {"metadata":{"emulator":{"name":"functions"},"message":"[runtime-status] [1224] Disabled runtime features: undefined"}}
[debug] [2020-11-26T16:23:01.803Z] [runtime-status] [1224] Resolved module firebase-admin {"declared":true,"installed":true,"version":"9.4.1","resolution":"D:\\React Projects\\Amazon\\amazon-clone\\functions\\node_modules\\firebase-admin\\lib\\index.js"} {"metadata":{"emulator":{"name":"functions"},"message":"[runtime-status] [1224] Resolved module firebase-admin {\"declared\":true,\"installed\":true,\"version\":\"9.4.1\",\"resolution\":\"D:\\\\React Projects\\\\Amazon\\\\amazon-clone\\\\functions\\\\node_modules\\\\firebase-admin\\\\lib\\\\index.js\"}"}}
[debug] [2020-11-26T16:23:01.859Z] [runtime-status] [1224] Resolved module firebase-functions {"declared":true,"installed":true,"version":"3.11.0","resolution":"D:\\React Projects\\Amazon\\amazon-clone\\functions\\node_modules\\firebase-functions\\lib\\index.js"} {"metadata":{"emulator":{"name":"functions"},"message":"[runtime-status] [1224] Resolved module firebase-functions {\"declared\":true,\"installed\":true,\"version\":\"3.11.0\",\"resolution\":\"D:\\\\React Projects\\\\Amazon\\\\amazon-clone\\\\functions\\\\node_modules\\\\firebase-functions\\\\lib\\\\index.js\"}"}}
[debug] [2020-11-26T16:23:01.862Z] [runtime-status] [1224] Resolved module firebase-functions {"declared":true,"installed":true,"version":"3.11.0","resolution":"D:\\React Projects\\Amazon\\amazon-clone\\functions\\node_modules\\firebase-functions\\lib\\index.js"} {"metadata":{"emulator":{"name":"functions"},"message":"[runtime-status] [1224] Resolved module firebase-functions {\"declared\":true,\"installed\":true,\"version\":\"3.11.0\",\"resolution\":\"D:\\\\React Projects\\\\Amazon\\\\amazon-clone\\\\functions\\\\node_modules\\\\firebase-functions\\\\lib\\\\index.js\"}"}}
[debug] [2020-11-26T16:23:01.866Z] [runtime-status] [1224] Outgoing network have been stubbed. [{"name":"http","status":"mocked"},{"name":"http","status":"mocked"},{"name":"https","status":"mocked"},{"name":"https","status":"mocked"},{"name":"net","status":"mocked"}] {"metadata":{"emulator":{"name":"functions"},"message":"[runtime-status] [1224] Outgoing network have been stubbed. [{\"name\":\"http\",\"status\":\"mocked\"},{\"name\":\"http\",\"status\":\"mocked\"},{\"name\":\"https\",\"status\":\"mocked\"},{\"name\":\"https\",\"status\":\"mocked\"},{\"name\":\"net\",\"status\":\"mocked\"}]"}}
[debug] [2020-11-26T16:23:01.867Z] [runtime-status] [1224] Resolved module firebase-functions {"declared":true,"installed":true,"version":"3.11.0","resolution":"D:\\React Projects\\Amazon\\amazon-clone\\functions\\node_modules\\firebase-functions\\lib\\index.js"} {"metadata":{"emulator":{"name":"functions"},"message":"[runtime-status] [1224] Resolved module firebase-functions {\"declared\":true,\"installed\":true,\"version\":\"3.11.0\",\"resolution\":\"D:\\\\React Projects\\\\Amazon\\\\amazon-clone\\\\functions\\\\node_modules\\\\firebase-functions\\\\lib\\\\index.js\"}"}}
[debug] [2020-11-26T16:23:02.791Z] [runtime-status] [1224] Checked functions.config() {"config":{}} {"metadata":{"emulator":{"name":"functions"},"message":"[runtime-status] [1224] Checked functions.config() {\"config\":{}}"}}
[debug] [2020-11-26T16:23:02.791Z] [runtime-status] [1224] firebase-functions has been stubbed. {"functionsResolution":{"declared":true,"installed":true,"version":"3.11.0","resolution":"D:\\React Projects\\Amazon\\amazon-clone\\functions\\node_modules\\firebase-functions\\lib\\index.js"}} {"metadata":{"emulator":{"name":"functions"},"message":"[runtime-status] [1224] firebase-functions has been stubbed. {\"functionsResolution\":{\"declared\":true,\"installed\":true,\"version\":\"3.11.0\",\"resolution\":\"D:\\\\React Projects\\\\Amazon\\\\amazon-clone\\\\functions\\\\node_modules\\\\firebase-functions\\\\lib\\\\index.js\"}}"}}
[debug] [2020-11-26T16:23:02.793Z] [runtime-status] [1224] Resolved module firebase-functions {"declared":true,"installed":true,"version":"3.11.0","resolution":"D:\\React Projects\\Amazon\\amazon-clone\\functions\\node_modules\\firebase-functions\\lib\\index.js"} {"metadata":{"emulator":{"name":"functions"},"message":"[runtime-status] [1224] Resolved module firebase-functions {\"declared\":true,\"installed\":true,\"version\":\"3.11.0\",\"resolution\":\"D:\\\\React Projects\\\\Amazon\\\\amazon-clone\\\\functions\\\\node_modules\\\\firebase-functions\\\\lib\\\\index.js\"}"}}
[debug] [2020-11-26T16:23:02.796Z] [runtime-status] [1224] Resolved module firebase-admin {"declared":true,"installed":true,"version":"9.4.1","resolution":"D:\\React Projects\\Amazon\\amazon-clone\\functions\\node_modules\\firebase-admin\\lib\\index.js"} {"metadata":{"emulator":{"name":"functions"},"message":"[runtime-status] [1224] Resolved module firebase-admin {\"declared\":true,\"installed\":true,\"version\":\"9.4.1\",\"resolution\":\"D:\\\\React Projects\\\\Amazon\\\\amazon-clone\\\\functions\\\\node_modules\\\\firebase-admin\\\\lib\\\\index.js\"}"}}
[debug] [2020-11-26T16:23:02.797Z] [runtime-status] [1224] Resolved module firebase-functions {"declared":true,"installed":true,"version":"3.11.0","resolution":"D:\\React Projects\\Amazon\\amazon-clone\\functions\\node_modules\\firebase-functions\\lib\\index.js"} {"metadata":{"emulator":{"name":"functions"},"message":"[runtime-status] [1224] Resolved module firebase-functions {\"declared\":true,\"installed\":true,\"version\":\"3.11.0\",\"resolution\":\"D:\\\\React Projects\\\\Amazon\\\\amazon-clone\\\\functions\\\\node_modules\\\\firebase-functions\\\\lib\\\\index.js\"}"}}
[debug] [2020-11-26T16:23:02.798Z] [runtime-status] [1224] firebase-admin has been stubbed. {"adminResolution":{"declared":true,"installed":true,"version":"9.4.1","resolution":"D:\\React Projects\\Amazon\\amazon-clone\\functions\\node_modules\\firebase-admin\\lib\\index.js"}} {"metadata":{"emulator":{"name":"functions"},"message":"[runtime-status] [1224] firebase-admin has been stubbed. {\"adminResolution\":{\"declared\":true,\"installed\":true,\"version\":\"9.4.1\",\"resolution\":\"D:\\\\React Projects\\\\Amazon\\\\amazon-clone\\\\functions\\\\node_modules\\\\firebase-admin\\\\lib\\\\index.js\"}}"}}
[info] +  functions[api]: http function initialized (http://localhost:5001/clone-7b120/us-central1/api). {"metadata":{"emulator":{"name":"functions"},"message":"\u001b[1mhttp\u001b[22m function initialized (http://localhost:5001/clone-7b120/us-central1/api)."}}
[info] 
┌────────────────────────────────────────────────────────────────┐
│ ✔  All emulators ready! View status and logs at localhost:4000 │
└────────────────────────────────────────────────────────────────┘

┌───────────┬────────────────┬──────────────────────────┐
│ Emulator  │ Host:Port      │ View in Emulator UI      │
├───────────┼────────────────┼──────────────────────────┤
│ Functions │ localhost:5001 │ localhost:4000/functions │
├───────────┼────────────────┼──────────────────────────┤
│ Hosting   │ localhost:5000 │ n/a                      │
└───────────┴────────────────┴──────────────────────────┘
  Other reserved ports: 4400, 4500

Issues? Report them at https://github.com/firebase/firebase-tools/issues and attach the *-debug.log files.
 
[debug] [2020-11-26T16:23:06.863Z] [worker-~diagnostic~-0097cb82-dcbc-4f6e-9238-0bc6716d592d]: IDLE {"metadata":{"emulator":{"name":"functions"},"message":"[worker-~diagnostic~-0097cb82-dcbc-4f6e-9238-0bc6716d592d]: IDLE"}}
[debug] [2020-11-26T17:39:10.461Z] Received signal SIGHUP 1
